#
# There is insufficient memory for the Java Runtime Environment to continue.
# Native memory allocation (mmap) failed to map 8388608 bytes for Failed to commit area from 0x00000000d5700000 to 0x00000000d5f00000 of length 8388608.
# Possible reasons:
#   The system is out of physical RAM or swap space
#   The process is running with CompressedOops enabled, and the Java Heap may be blocking the growth of the native heap
# Possible solutions:
#   Reduce memory load on the system
#   Increase physical memory or swap space
#   Check if swap backing store is full
#   Decrease Java heap size (-Xmx/-Xms)
#   Decrease number of Java threads
#   Decrease Java thread stack sizes (-Xss)
#   Set larger code cache with -XX:ReservedCodeCacheSize=
#   JVM is running with Unscaled Compressed Oops mode in which the Java heap is
#     placed in the first 4GB address space. The Java Heap base address is the
#     maximum limit for the native heap growth. Please use -XX:HeapBaseMinAddress
#     to set the Java Heap base and to place the Java Heap above 4GB virtual address.
# This output file may be truncated or incomplete.
#
#  Out of Memory Error (./open/src/hotspot/os/windows/os_windows.cpp:3276), pid=6992, tid=8784
#
# JRE version: Java(TM) SE Runtime Environment 18.9 (11.0.13+10) (build 11.0.13+10-LTS-370)
# Java VM: Java HotSpot(TM) 64-Bit Server VM 18.9 (11.0.13+10-LTS-370, mixed mode, tiered, compressed oops, g1 gc, windows-amd64)
# No core dump will be written. Minidumps are not enabled by default on client versions of Windows
#

---------------  S U M M A R Y ------------

Command Line: -Dclassworlds.conf=C:\Program Files\NetBeans-11.3\netbeans\java\maven\bin\m2.conf -Dmaven.home=C:\Program Files\NetBeans-11.3\netbeans\java\maven -Dmaven.multiModuleProjectDirectory=C:\Users\ANDRES\Desktop\sergio arboleda\Desarrollo web ciclo 4\Tienda org.codehaus.plexus.classworlds.launcher.Launcher -Dexec.args=-classpath %classpath Tienda.TiendaApplication -Dexec.executable=C:\Program Files\Java\jdk-11.0.13\bin\java.exe -Dexec.classpathScope=runtime -Dmaven.ext.class.path=C:\Program Files\NetBeans-11.3\netbeans\java\maven-nblib\netbeans-eventspy.jar -Dfile.encoding=UTF-8 process-classes org.codehaus.mojo:exec-maven-plugin:1.5.0:exec

Host: Pentium(R) Dual-Core CPU       T4200  @ 2.00GHz, 2 cores, 2G,  Windows 7 , 64 bit Build 7601 (6.1.7601.24545)
Time: Fri Nov 26 21:16:44 2021 Hora est. Pacífico, Sudamérica elapsed time: 25.458899 seconds (0d 0h 0m 25s)

---------------  T H R E A D  ---------------

Current thread (0x000000000046e800):  JavaThread "main" [_thread_in_vm, id=8784, stack(0x0000000002220000,0x0000000002320000)]

Stack: [0x0000000002220000,0x0000000002320000]
Native frames: (J=compiled Java code, j=interpreted, Vv=VM code, C=native code)
V  [jvm.dll+0x62870a]
V  [jvm.dll+0x761f2f]
V  [jvm.dll+0x7635d9]
V  [jvm.dll+0x763c63]
V  [jvm.dll+0x23d728]
V  [jvm.dll+0x625aba]
V  [jvm.dll+0x61a855]
V  [jvm.dll+0x2f242c]
V  [jvm.dll+0x2f22b2]
V  [jvm.dll+0x2f6fd6]
V  [jvm.dll+0x3395ff]
V  [jvm.dll+0x339030]
V  [jvm.dll+0x2d027c]
V  [jvm.dll+0x2cc142]
V  [jvm.dll+0x5c0262]
V  [jvm.dll+0x5bfd8a]
V  [jvm.dll+0x1e37fd]
V  [jvm.dll+0x73ada7]
V  [jvm.dll+0x35c41f]
C  0x0000000009d9e30a

Java frames: (J=compiled Java code, j=interpreted, Vv=VM code)
j  java.io.Reader.read(Ljava/nio/CharBuffer;)I+6 java.base@11.0.13
j  org.apache.maven.shared.utils.io.FileUtils.copyFile(Ljava/io/File;Ljava/io/File;Ljava/lang/String;[Lorg/apache/maven/shared/utils/io/FileUtils$FilterWrapper;Z)V+316
j  org.apache.maven.shared.filtering.DefaultMavenFileFilter.copyFile(Ljava/io/File;Ljava/io/File;ZLjava/util/List;Ljava/lang/String;Z)V+82
j  org.apache.maven.shared.filtering.DefaultMavenResourcesFiltering.filterResources(Lorg/apache/maven/shared/filtering/MavenResourcesExecution;)V+1116
j  org.apache.maven.plugins.resources.ResourcesMojo.execute()V+236
j  org.apache.maven.plugin.DefaultBuildPluginManager.executeMojo(Lorg/apache/maven/execution/MavenSession;Lorg/apache/maven/plugin/MojoExecution;)V+155
j  org.apache.maven.lifecycle.internal.MojoExecutor.execute(Lorg/apache/maven/execution/MavenSession;Lorg/apache/maven/plugin/MojoExecution;Lorg/apache/maven/lifecycle/internal/ProjectIndex;Lorg/apache/maven/lifecycle/internal/DependencyContext;)V+220
j  org.apache.maven.lifecycle.internal.MojoExecutor.execute(Lorg/apache/maven/execution/MavenSession;Lorg/apache/maven/plugin/MojoExecution;Lorg/apache/maven/lifecycle/internal/ProjectIndex;Lorg/apache/maven/lifecycle/internal/DependencyContext;Lorg/apache/maven/lifecycle/internal/PhaseRecorder;)V+6
j  org.apache.maven.lifecycle.internal.MojoExecutor.execute(Lorg/apache/maven/execution/MavenSession;Ljava/util/List;Lorg/apache/maven/lifecycle/internal/ProjectIndex;)V+60
j  org.apache.maven.lifecycle.internal.LifecycleModuleBuilder.buildProject(Lorg/apache/maven/execution/MavenSession;Lorg/apache/maven/execution/MavenSession;Lorg/apache/maven/lifecycle/internal/ReactorContext;Lorg/apache/maven/project/MavenProject;Lorg/apache/maven/lifecycle/internal/TaskSegment;)V+180
j  org.apache.maven.lifecycle.internal.LifecycleModuleBuilder.buildProject(Lorg/apache/maven/execution/MavenSession;Lorg/apache/maven/lifecycle/internal/ReactorContext;Lorg/apache/maven/project/MavenProject;Lorg/apache/maven/lifecycle/internal/TaskSegment;)V+7
j  org.apache.maven.lifecycle.internal.builder.singlethreaded.SingleThreadedBuilder.build(Lorg/apache/maven/execution/MavenSession;Lorg/apache/maven/lifecycle/internal/ReactorContext;Lorg/apache/maven/lifecycle/internal/ProjectBuildList;Ljava/util/List;Lorg/apache/maven/lifecycle/internal/ReactorBuildStatus;)V+77
j  org.apache.maven.lifecycle.internal.LifecycleStarter.execute(Lorg/apache/maven/execution/MavenSession;)V+353
j  org.apache.maven.DefaultMaven.doExecute(Lorg/apache/maven/execution/MavenExecutionRequest;Lorg/apache/maven/execution/MavenSession;Lorg/apache/maven/execution/MavenExecutionResult;Lorg/eclipse/aether/DefaultRepositorySystemSession;)Lorg/apache/maven/execution/MavenExecutionResult;+414
j  org.apache.maven.DefaultMaven.doExecute(Lorg/apache/maven/execution/MavenExecutionRequest;)Lorg/apache/maven/execution/MavenExecutionResult;+99
j  org.apache.maven.DefaultMaven.execute(Lorg/apache/maven/execution/MavenExecutionRequest;)Lorg/apache/maven/execution/MavenExecutionResult;+2
j  org.apache.maven.cli.MavenCli.execute(Lorg/apache/maven/cli/CliRequest;)I+27
j  org.apache.maven.cli.MavenCli.doMain(Lorg/apache/maven/cli/CliRequest;)I+66
j  org.apache.maven.cli.MavenCli.main([Ljava/lang/String;Lorg/codehaus/plexus/classworlds/ClassWorld;)I+18
v  ~StubRoutines::call_stub
j  jdk.internal.reflect.NativeMethodAccessorImpl.invoke0(Ljava/lang/reflect/Method;Ljava/lang/Object;[Ljava/lang/Object;)Ljava/lang/Object;+0 java.base@11.0.13
j  jdk.internal.reflect.NativeMethodAccessorImpl.invoke(Ljava/lang/Object;[Ljava/lang/Object;)Ljava/lang/Object;+100 java.base@11.0.13
j  jdk.internal.reflect.DelegatingMethodAccessorImpl.invoke(Ljava/lang/Object;[Ljava/lang/Object;)Ljava/lang/Object;+6 java.base@11.0.13
j  java.lang.reflect.Method.invoke(Ljava/lang/Object;[Ljava/lang/Object;)Ljava/lang/Object;+59 java.base@11.0.13
j  org.codehaus.plexus.classworlds.launcher.Launcher.launchEnhanced([Ljava/lang/String;)V+45
j  org.codehaus.plexus.classworlds.launcher.Launcher.launch([Ljava/lang/String;)V+2
j  org.codehaus.plexus.classworlds.launcher.Launcher.mainWithExitCode([Ljava/lang/String;)I+101
j  org.codehaus.plexus.classworlds.launcher.Launcher.main([Ljava/lang/String;)V+1
v  ~StubRoutines::call_stub

---------------  P R O C E S S  ---------------

Threads class SMR info:
_java_thread_list=0x000000005ecfb390, length=10, elements={
0x000000000046e800, 0x000000001d342000, 0x000000001d344000, 0x000000005df84800,
0x000000005df87800, 0x000000005df8a800, 0x000000005df8c800, 0x000000005dfed800,
0x000000005dfee800, 0x000000005ecfd000
}

Java Threads: ( => current thread )
=>0x000000000046e800 JavaThread "main" [_thread_in_vm, id=8784, stack(0x0000000002220000,0x0000000002320000)]
  0x000000001d342000 JavaThread "Reference Handler" daemon [_thread_blocked, id=8504, stack(0x000000005e210000,0x000000005e310000)]
  0x000000001d344000 JavaThread "Finalizer" daemon [_thread_blocked, id=2524, stack(0x000000005e3a0000,0x000000005e4a0000)]
  0x000000005df84800 JavaThread "Signal Dispatcher" daemon [_thread_blocked, id=8896, stack(0x000000005e600000,0x000000005e700000)]
  0x000000005df87800 JavaThread "Attach Listener" daemon [_thread_blocked, id=4168, stack(0x000000005e730000,0x000000005e830000)]
  0x000000005df8a800 JavaThread "Service Thread" daemon [_thread_blocked, id=6024, stack(0x000000005e8c0000,0x000000005e9c0000)]
  0x000000005df8c800 JavaThread "C2 CompilerThread0" daemon [_thread_blocked, id=4304, stack(0x000000005ea30000,0x000000005eb30000)]
  0x000000005dfed800 JavaThread "C1 CompilerThread0" daemon [_thread_blocked, id=9120, stack(0x000000005e4c0000,0x000000005e5c0000)]
  0x000000005dfee800 JavaThread "Sweeper thread" daemon [_thread_blocked, id=3644, stack(0x000000005eb80000,0x000000005ec80000)]
  0x000000005ecfd000 JavaThread "Common-Cleaner" daemon [_thread_blocked, id=9088, stack(0x000000005f3d0000,0x000000005f4d0000)]

Other Threads:
  0x000000001d339800 VMThread "VM Thread" [stack: 0x000000005e110000,0x000000005e210000] [id=9076]
  0x000000005ecf9000 WatcherThread [stack: 0x000000005f210000,0x000000005f310000] [id=804]
  0x0000000000484800 GCTaskThread "GC Thread#0" [stack: 0x0000000018eb0000,0x0000000018fb0000] [id=6384]
  0x000000005f79f000 GCTaskThread "GC Thread#1" [stack: 0x000000005f520000,0x000000005f620000] [id=8900]
  0x000000000049d000 ConcurrentGCThread "G1 Main Marker" [stack: 0x000000001af20000,0x000000001b020000] [id=7588]
  0x000000000049f000 ConcurrentGCThread "G1 Conc#0" [stack: 0x000000001b150000,0x000000001b250000] [id=8204]
  0x00000000004e5800 ConcurrentGCThread "G1 Refine#0" [stack: 0x000000001d380000,0x000000001d480000] [id=6612]
  0x000000006055a000 ConcurrentGCThread "G1 Refine#1" [stack: 0x0000000062940000,0x0000000062a40000] [id=4188]
  0x00000000004e6800 ConcurrentGCThread "G1 Young RemSet Sampling" [stack: 0x000000001d5b0000,0x000000001d6b0000] [id=3824]

Threads with active compile tasks:

VM state:not at safepoint (normal execution)

VM Mutex/Monitor currently owned by a thread:  ([mutex/lock_event])
[0x000000000046bf50] Heap_lock - owner thread: 0x000000000046e800

Heap address: 0x00000000d1000000, size: 752 MB, Compressed Oops mode: 32-bit
Narrow klass base: 0x0000000000000000, Narrow klass shift: 0
Compressed class space size: 1073741824 Address: 0x000000001d6b0000

Heap:
 garbage-first heap   total 80896K, used 59720K [0x00000000d1000000, 0x0000000100000000)
  region size 1024K, 3 young (3072K), 2 survivors (2048K)
 Metaspace       used 21717K, capacity 22137K, committed 22400K, reserved 1069056K
  class space    used 2274K, capacity 2400K, committed 2432K, reserved 1048576K
Heap Regions: E=young(eden), S=young(survivor), O=old, HS=humongous(starts), HC=humongous(continues), CS=collection set, F=free, A=archive, TAMS=top-at-mark-start (previous, next)
|   0|0x00000000d1000000, 0x00000000d1100000, 0x00000000d1100000|100%| O|  |TAMS 0x00000000d1100000, 0x00000000d1100000| Untracked 
|   1|0x00000000d1100000, 0x00000000d1200000, 0x00000000d1200000|100%| O|  |TAMS 0x00000000d1200000, 0x00000000d1200000| Untracked 
|   2|0x00000000d1200000, 0x00000000d1300000, 0x00000000d1300000|100%| O|  |TAMS 0x00000000d1300000, 0x00000000d1300000| Untracked 
|   3|0x00000000d1300000, 0x00000000d1400000, 0x00000000d1400000|100%| O|  |TAMS 0x00000000d1400000, 0x00000000d1400000| Untracked 
|   4|0x00000000d1400000, 0x00000000d1500000, 0x00000000d1500000|100%| O|  |TAMS 0x00000000d1500000, 0x00000000d1500000| Untracked 
|   5|0x00000000d1500000, 0x00000000d1600000, 0x00000000d1600000|100%| O|  |TAMS 0x00000000d1600000, 0x00000000d1600000| Untracked 
|   6|0x00000000d1600000, 0x00000000d1700000, 0x00000000d1700000|100%| O|  |TAMS 0x00000000d1700000, 0x00000000d1700000| Untracked 
|   7|0x00000000d1700000, 0x00000000d1800000, 0x00000000d1800000|100%| O|  |TAMS 0x00000000d1800000, 0x00000000d1800000| Untracked 
|   8|0x00000000d1800000, 0x00000000d1900000, 0x00000000d1900000|100%| O|  |TAMS 0x00000000d1900000, 0x00000000d1900000| Untracked 
|   9|0x00000000d1900000, 0x00000000d1a00000, 0x00000000d1a00000|100%| O|  |TAMS 0x00000000d1a00000, 0x00000000d1a00000| Untracked 
|  10|0x00000000d1a00000, 0x00000000d1b00000, 0x00000000d1b00000|100%| O|  |TAMS 0x00000000d1b00000, 0x00000000d1b00000| Untracked 
|  11|0x00000000d1b00000, 0x00000000d1c00000, 0x00000000d1c00000|100%| O|  |TAMS 0x00000000d1c00000, 0x00000000d1c00000| Untracked 
|  12|0x00000000d1c00000, 0x00000000d1d00000, 0x00000000d1d00000|100%| O|  |TAMS 0x00000000d1d00000, 0x00000000d1d00000| Untracked 
|  13|0x00000000d1d00000, 0x00000000d1e00000, 0x00000000d1e00000|100%| O|  |TAMS 0x00000000d1e00000, 0x00000000d1e00000| Untracked 
|  14|0x00000000d1e00000, 0x00000000d1f00000, 0x00000000d1f00000|100%| O|  |TAMS 0x00000000d1f00000, 0x00000000d1f00000| Untracked 
|  15|0x00000000d1f00000, 0x00000000d2000000, 0x00000000d2000000|100%| O|  |TAMS 0x00000000d1f53800, 0x00000000d2000000| Untracked 
|  16|0x00000000d2000000, 0x00000000d2100000, 0x00000000d2100000|100%|HS|  |TAMS 0x00000000d2000000, 0x00000000d2100000| Complete 
|  17|0x00000000d2100000, 0x00000000d2200000, 0x00000000d2200000|100%|HC|  |TAMS 0x00000000d2100000, 0x00000000d2200000| Complete 
|  18|0x00000000d2200000, 0x00000000d2300000, 0x00000000d2300000|100%|HC|  |TAMS 0x00000000d2200000, 0x00000000d2300000| Complete 
|  19|0x00000000d2300000, 0x00000000d2400000, 0x00000000d2400000|100%|HC|  |TAMS 0x00000000d2300000, 0x00000000d2400000| Complete 
|  20|0x00000000d2400000, 0x00000000d2500000, 0x00000000d2500000|100%|HC|  |TAMS 0x00000000d2400000, 0x00000000d2500000| Complete 
|  21|0x00000000d2500000, 0x00000000d2600000, 0x00000000d2600000|100%|HC|  |TAMS 0x00000000d2500000, 0x00000000d2600000| Complete 
|  22|0x00000000d2600000, 0x00000000d2700000, 0x00000000d2700000|100%|HC|  |TAMS 0x00000000d2600000, 0x00000000d2700000| Complete 
|  23|0x00000000d2700000, 0x00000000d2800000, 0x00000000d2800000|100%|HC|  |TAMS 0x00000000d2700000, 0x00000000d2800000| Complete 
|  24|0x00000000d2800000, 0x00000000d2886a00, 0x00000000d2900000| 52%| O|  |TAMS 0x00000000d2800000, 0x00000000d2886a00| Untracked 
|  25|0x00000000d2900000, 0x00000000d2a00000, 0x00000000d2a00000|100%|HS|  |TAMS 0x00000000d2900000, 0x00000000d2900000| Complete 
|  26|0x00000000d2a00000, 0x00000000d2b00000, 0x00000000d2b00000|100%|HC|  |TAMS 0x00000000d2a00000, 0x00000000d2a00000| Complete 
|  27|0x00000000d2b00000, 0x00000000d2c00000, 0x00000000d2c00000|100%|HC|  |TAMS 0x00000000d2b00000, 0x00000000d2b00000| Complete 
|  28|0x00000000d2c00000, 0x00000000d2d00000, 0x00000000d2d00000|100%|HC|  |TAMS 0x00000000d2c00000, 0x00000000d2c00000| Complete 
|  29|0x00000000d2d00000, 0x00000000d2e00000, 0x00000000d2e00000|100%|HC|  |TAMS 0x00000000d2d00000, 0x00000000d2d00000| Complete 
|  30|0x00000000d2e00000, 0x00000000d2f00000, 0x00000000d2f00000|100%|HC|  |TAMS 0x00000000d2e00000, 0x00000000d2e00000| Complete 
|  31|0x00000000d2f00000, 0x00000000d3000000, 0x00000000d3000000|100%|HC|  |TAMS 0x00000000d2f00000, 0x00000000d2f00000| Complete 
|  32|0x00000000d3000000, 0x00000000d3100000, 0x00000000d3100000|100%|HC|  |TAMS 0x00000000d3000000, 0x00000000d3000000| Complete 
|  33|0x00000000d3100000, 0x00000000d3200000, 0x00000000d3200000|100%|HC|  |TAMS 0x00000000d3100000, 0x00000000d3100000| Complete 
|  34|0x00000000d3200000, 0x00000000d3300000, 0x00000000d3300000|100%|HC|  |TAMS 0x00000000d3200000, 0x00000000d3200000| Complete 
|  35|0x00000000d3300000, 0x00000000d3400000, 0x00000000d3400000|100%|HC|  |TAMS 0x00000000d3300000, 0x00000000d3300000| Complete 
|  36|0x00000000d3400000, 0x00000000d3500000, 0x00000000d3500000|100%|HC|  |TAMS 0x00000000d3400000, 0x00000000d3400000| Complete 
|  37|0x00000000d3500000, 0x00000000d3600000, 0x00000000d3600000|100%|HS|  |TAMS 0x00000000d3500000, 0x00000000d3500000| Complete 
|  38|0x00000000d3600000, 0x00000000d3700000, 0x00000000d3700000|100%|HC|  |TAMS 0x00000000d3600000, 0x00000000d3600000| Complete 
|  39|0x00000000d3700000, 0x00000000d3800000, 0x00000000d3800000|100%|HC|  |TAMS 0x00000000d3700000, 0x00000000d3700000| Complete 
|  40|0x00000000d3800000, 0x00000000d3900000, 0x00000000d3900000|100%|HC|  |TAMS 0x00000000d3800000, 0x00000000d3800000| Complete 
|  41|0x00000000d3900000, 0x00000000d3a00000, 0x00000000d3a00000|100%|HC|  |TAMS 0x00000000d3900000, 0x00000000d3900000| Complete 
|  42|0x00000000d3a00000, 0x00000000d3b00000, 0x00000000d3b00000|100%|HC|  |TAMS 0x00000000d3a00000, 0x00000000d3a00000| Complete 
|  43|0x00000000d3b00000, 0x00000000d3c00000, 0x00000000d3c00000|100%|HC|  |TAMS 0x00000000d3b00000, 0x00000000d3b00000| Complete 
|  44|0x00000000d3c00000, 0x00000000d3d00000, 0x00000000d3d00000|100%|HC|  |TAMS 0x00000000d3c00000, 0x00000000d3c00000| Complete 
|  45|0x00000000d3d00000, 0x00000000d3e00000, 0x00000000d3e00000|100%|HC|  |TAMS 0x00000000d3d00000, 0x00000000d3d00000| Complete 
|  46|0x00000000d3e00000, 0x00000000d3f00000, 0x00000000d3f00000|100%|HC|  |TAMS 0x00000000d3e00000, 0x00000000d3e00000| Complete 
|  47|0x00000000d3f00000, 0x00000000d4000000, 0x00000000d4000000|100%|HC|  |TAMS 0x00000000d3f00000, 0x00000000d3f00000| Complete 
|  48|0x00000000d4000000, 0x00000000d4100000, 0x00000000d4100000|100%|HC|  |TAMS 0x00000000d4000000, 0x00000000d4000000| Complete 
|  49|0x00000000d4100000, 0x00000000d4200000, 0x00000000d4200000|100%|HS|  |TAMS 0x00000000d4100000, 0x00000000d4100000| Complete 
|  50|0x00000000d4200000, 0x00000000d4300000, 0x00000000d4300000|100%|HC|  |TAMS 0x00000000d4200000, 0x00000000d4200000| Complete 
|  51|0x00000000d4300000, 0x00000000d4400000, 0x00000000d4400000|100%|HC|  |TAMS 0x00000000d4300000, 0x00000000d4300000| Complete 
|  52|0x00000000d4400000, 0x00000000d4500000, 0x00000000d4500000|100%|HC|  |TAMS 0x00000000d4400000, 0x00000000d4400000| Complete 
|  53|0x00000000d4500000, 0x00000000d4600000, 0x00000000d4600000|100%|HC|  |TAMS 0x00000000d4500000, 0x00000000d4500000| Complete 
|  54|0x00000000d4600000, 0x00000000d4700000, 0x00000000d4700000|100%|HC|  |TAMS 0x00000000d4600000, 0x00000000d4600000| Complete 
|  55|0x00000000d4700000, 0x00000000d4800000, 0x00000000d4800000|100%|HC|  |TAMS 0x00000000d4700000, 0x00000000d4700000| Complete 
|  56|0x00000000d4800000, 0x00000000d4900000, 0x00000000d4900000|100%|HC|  |TAMS 0x00000000d4800000, 0x00000000d4800000| Complete 
|  57|0x00000000d4900000, 0x00000000d4900000, 0x00000000d4a00000|  0%| F|  |TAMS 0x00000000d4900000, 0x00000000d4900000| Untracked 
|  58|0x00000000d4a00000, 0x00000000d4a00000, 0x00000000d4b00000|  0%| F|  |TAMS 0x00000000d4a00000, 0x00000000d4a00000| Untracked 
|  59|0x00000000d4b00000, 0x00000000d4b00000, 0x00000000d4c00000|  0%| F|  |TAMS 0x00000000d4b00000, 0x00000000d4b00000| Untracked 
|  60|0x00000000d4c00000, 0x00000000d4c00000, 0x00000000d4d00000|  0%| F|  |TAMS 0x00000000d4c00000, 0x00000000d4c00000| Untracked 
|  61|0x00000000d4d00000, 0x00000000d4dcb8a0, 0x00000000d4e00000| 79%| S|CS|TAMS 0x00000000d4d00000, 0x00000000d4d00000| Complete 
|  62|0x00000000d4e00000, 0x00000000d4f00000, 0x00000000d4f00000|100%| S|CS|TAMS 0x00000000d4e00000, 0x00000000d4e00000| Complete 
|  63|0x00000000d4f00000, 0x00000000d4f00000, 0x00000000d5000000|  0%| F|  |TAMS 0x00000000d4f00000, 0x00000000d4f00000| Untracked 
|  64|0x00000000d5000000, 0x00000000d5000000, 0x00000000d5100000|  0%| F|  |TAMS 0x00000000d5000000, 0x00000000d5000000| Untracked 
|  65|0x00000000d5100000, 0x00000000d5100000, 0x00000000d5200000|  0%| F|  |TAMS 0x00000000d5100000, 0x00000000d5100000| Untracked 
|  66|0x00000000d5200000, 0x00000000d5200000, 0x00000000d5300000|  0%| F|  |TAMS 0x00000000d5200000, 0x00000000d5200000| Untracked 
|  67|0x00000000d5300000, 0x00000000d5300000, 0x00000000d5400000|  0%| F|  |TAMS 0x00000000d5300000, 0x00000000d5300000| Untracked 
|  68|0x00000000d5400000, 0x00000000d5400000, 0x00000000d5500000|  0%| F|  |TAMS 0x00000000d5400000, 0x00000000d5400000| Untracked 
|  69|0x00000000d5500000, 0x00000000d5500000, 0x00000000d5600000|  0%| F|  |TAMS 0x00000000d5500000, 0x00000000d5500000| Untracked 
|  70|0x00000000d5600000, 0x00000000d5681650, 0x00000000d5700000| 50%| E|  |TAMS 0x00000000d5600000, 0x00000000d5600000| Complete 

Card table byte_map: [0x0000000019350000,0x00000000194d0000] _byte_map_base: 0x0000000018cc8000

Marking Bits (Prev, Next): (CMBitMap*) 0x00000000004993e0, (CMBitMap*) 0x00000000004993a8
 Prev Bits: [0x000000001a210000, 0x000000001add0000)
 Next Bits: [0x0000000019650000, 0x000000001a210000)

Polling page: 0x0000000000230000

Metaspace:

Usage:
  Non-class:     19.27 MB capacity,    18.99 MB ( 99%) used,   268.18 KB (  1%) free+waste,    25.69 KB ( <1%) overhead. 
      Class:      2.34 MB capacity,     2.22 MB ( 95%) used,   115.05 KB (  5%) free+waste,    10.19 KB ( <1%) overhead. 
       Both:     21.62 MB capacity,    21.21 MB ( 98%) used,   383.23 KB (  2%) free+waste,    35.88 KB ( <1%) overhead. 

Virtual space:
  Non-class space:       20.00 MB reserved,      19.50 MB ( 98%) committed 
      Class space:        1.00 GB reserved,       2.38 MB ( <1%) committed 
             Both:        1.02 GB reserved,      21.88 MB (  2%) committed 

Chunk freelists:
   Non-Class:  4.88 KB
       Class:  0 bytes
        Both:  4.88 KB

CodeHeap 'non-profiled nmethods': size=120064Kb used=2147Kb max_used=2147Kb free=117916Kb
 bounds [0x0000000011840000, 0x0000000011ab0000, 0x0000000018d80000]
CodeHeap 'profiled nmethods': size=120000Kb used=8565Kb max_used=8565Kb free=111434Kb
 bounds [0x000000000a310000, 0x000000000ab70000, 0x0000000011840000]
CodeHeap 'non-nmethods': size=5696Kb used=1094Kb max_used=1128Kb free=4601Kb
 bounds [0x0000000009d80000, 0x0000000009ff0000, 0x000000000a310000]
 total_blobs=4188 nmethods=3768 adapters=332
 compilation: enabled
              stopped_count=0, restarted_count=0
 full_count=0

Compilation events (10 events):
Event: 25.449 Thread 0x000000005dfed800 3783       3       org.apache.maven.shared.filtering.BoundedReader::read (31 bytes)
Event: 25.449 Thread 0x000000005dfed800 nmethod 3783 0x000000000ab6b710 code [0x000000000ab6b8c0, 0x000000000ab6bac8]
Event: 25.449 Thread 0x000000005dfed800 3785   !   3       java.io.BufferedReader::read (104 bytes)
Event: 25.450 Thread 0x000000005dfed800 nmethod 3785 0x000000000ab6bb90 code [0x000000000ab6bd80, 0x000000000ab6c3f8]
Event: 25.450 Thread 0x000000005dfed800 3786       3       org.apache.maven.shared.filtering.BoundedReader::reset (13 bytes)
Event: 25.450 Thread 0x000000005dfed800 nmethod 3786 0x000000000ab6c790 code [0x000000000ab6c940, 0x000000000ab6cb08]
Event: 25.450 Thread 0x000000005dfed800 3784       1       org.codehaus.plexus.interpolation.multi.DelimiterSpecification::getBegin (5 bytes)
Event: 25.451 Thread 0x000000005dfed800 nmethod 3784 0x0000000011a58a90 code [0x0000000011a58c20, 0x0000000011a58cd8]
Event: 25.451 Thread 0x000000005dfed800 3787   !   3       java.io.BufferedReader::reset (69 bytes)
Event: 25.451 Thread 0x000000005dfed800 nmethod 3787 0x000000000ab6cc10 code [0x000000000ab6ce00, 0x000000000ab6d398]

GC Heap History (10 events):
Event: 15.939 GC heap before
{Heap before GC invocations=6 (full 0):
 garbage-first heap   total 59392K, used 36868K [0x00000000d1000000, 0x0000000100000000)
  region size 1024K, 30 young (30720K), 4 survivors (4096K)
 Metaspace       used 19927K, capacity 20302K, committed 20480K, reserved 1067008K
  class space    used 2130K, capacity 2259K, committed 2304K, reserved 1048576K
}
Event: 16.008 GC heap after
{Heap after GC invocations=7 (full 0):
 garbage-first heap   total 59392K, used 13532K [0x00000000d1000000, 0x0000000100000000)
  region size 1024K, 4 young (4096K), 4 survivors (4096K)
 Metaspace       used 19927K, capacity 20302K, committed 20480K, reserved 1067008K
  class space    used 2130K, capacity 2259K, committed 2304K, reserved 1048576K
}
Event: 18.145 GC heap before
{Heap before GC invocations=7 (full 0):
 garbage-first heap   total 59392K, used 38108K [0x00000000d1000000, 0x0000000100000000)
  region size 1024K, 29 young (29696K), 4 survivors (4096K)
 Metaspace       used 20213K, capacity 20569K, committed 20736K, reserved 1067008K
  class space    used 2150K, capacity 2262K, committed 2304K, reserved 1048576K
}
Event: 18.169 GC heap after
{Heap after GC invocations=8 (full 0):
 garbage-first heap   total 59392K, used 16684K [0x00000000d1000000, 0x0000000100000000)
  region size 1024K, 3 young (3072K), 3 survivors (3072K)
 Metaspace       used 20213K, capacity 20569K, committed 20736K, reserved 1067008K
  class space    used 2150K, capacity 2262K, committed 2304K, reserved 1048576K
}
Event: 23.509 GC heap before
{Heap before GC invocations=8 (full 0):
 garbage-first heap   total 59392K, used 41260K [0x00000000d1000000, 0x0000000100000000)
  region size 1024K, 27 young (27648K), 3 survivors (3072K)
 Metaspace       used 20652K, capacity 21055K, committed 21248K, reserved 1069056K
  class space    used 2164K, capacity 2296K, committed 2304K, reserved 1048576K
}
Event: 23.543 GC heap after
{Heap after GC invocations=9 (full 0):
 garbage-first heap   total 59392K, used 17266K [0x00000000d1000000, 0x0000000100000000)
  region size 1024K, 2 young (2048K), 2 survivors (2048K)
 Metaspace       used 20652K, capacity 21055K, committed 21248K, reserved 1069056K
  class space    used 2164K, capacity 2296K, committed 2304K, reserved 1048576K
}
Event: 24.956 GC heap before
{Heap before GC invocations=9 (full 0):
 garbage-first heap   total 59392K, used 31602K [0x00000000d1000000, 0x0000000100000000)
  region size 1024K, 18 young (18432K), 2 survivors (2048K)
 Metaspace       used 20806K, capacity 21202K, committed 21248K, reserved 1069056K
  class space    used 2169K, capacity 2298K, committed 2304K, reserved 1048576K
}
Event: 24.969 GC heap after
{Heap after GC invocations=10 (full 0):
 garbage-first heap   total 72704K, used 18074K [0x00000000d1000000, 0x0000000100000000)
  region size 1024K, 3 young (3072K), 3 survivors (3072K)
 Metaspace       used 20806K, capacity 21202K, committed 21248K, reserved 1069056K
  class space    used 2169K, capacity 2298K, committed 2304K, reserved 1048576K
}
Event: 25.408 GC heap before
{Heap before GC invocations=11 (full 0):
 garbage-first heap   total 72704K, used 33434K [0x00000000d1000000, 0x0000000100000000)
  region size 1024K, 11 young (11264K), 3 survivors (3072K)
 Metaspace       used 21662K, capacity 22073K, committed 22144K, reserved 1069056K
  class space    used 2268K, capacity 2400K, committed 2432K, reserved 1048576K
}
Event: 25.419 GC heap after
{Heap after GC invocations=12 (full 0):
 garbage-first heap   total 72704K, used 26952K [0x00000000d1000000, 0x0000000100000000)
  region size 1024K, 2 young (2048K), 2 survivors (2048K)
 Metaspace       used 21662K, capacity 22073K, committed 22144K, reserved 1069056K
  class space    used 2268K, capacity 2400K, committed 2432K, reserved 1048576K
}

Deoptimization events (10 events):
Event: 23.658 Thread 0x000000000046e800 Uncommon trap: reason=unstable_if action=reinterpret pc=0x00000000118e5c10 method=java.util.LinkedHashMap.afterNodeInsertion(Z)V @ 18 c2
Event: 24.405 Thread 0x000000000046e800 Uncommon trap: reason=profile_predicate action=maybe_recompile pc=0x0000000011a47374 method=sun.nio.cs.ISO_8859_1$Decoder.decodeArrayLoop(Ljava/nio/ByteBuffer;Ljava/nio/CharBuffer;)Ljava/nio/charset/CoderResult; @ 133 c2
Event: 24.405 Thread 0x000000000046e800 Uncommon trap: reason=profile_predicate action=maybe_recompile pc=0x0000000011a47374 method=sun.nio.cs.ISO_8859_1$Decoder.decodeArrayLoop(Ljava/nio/ByteBuffer;Ljava/nio/CharBuffer;)Ljava/nio/charset/CoderResult; @ 133 c2
Event: 24.406 Thread 0x000000000046e800 Uncommon trap: reason=profile_predicate action=maybe_recompile pc=0x0000000011a47374 method=sun.nio.cs.ISO_8859_1$Decoder.decodeArrayLoop(Ljava/nio/ByteBuffer;Ljava/nio/CharBuffer;)Ljava/nio/charset/CoderResult; @ 133 c2
Event: 24.406 Thread 0x000000000046e800 Uncommon trap: reason=profile_predicate action=maybe_recompile pc=0x0000000011a47374 method=sun.nio.cs.ISO_8859_1$Decoder.decodeArrayLoop(Ljava/nio/ByteBuffer;Ljava/nio/CharBuffer;)Ljava/nio/charset/CoderResult; @ 133 c2
Event: 24.926 Thread 0x000000000046e800 Uncommon trap: reason=unstable_if action=reinterpret pc=0x0000000011a1c940 method=org.apache.maven.artifact.versioning.ComparableVersion.parseVersion(Ljava/lang/String;)V @ 276 c2
Event: 24.929 Thread 0x000000000046e800 Uncommon trap: reason=class_check action=maybe_recompile pc=0x0000000011a3cc8c method=org.eclipse.sisu.wire.EntryListAdapter$ValueIterator.hasNext()Z @ 4 c2
Event: 24.934 Thread 0x000000000046e800 Uncommon trap: reason=unstable_if action=reinterpret pc=0x0000000011a38370 method=java.util.concurrent.ConcurrentHashMap.replaceNode(Ljava/lang/Object;Ljava/lang/Object;Ljava/lang/Object;)Ljava/lang/Object; @ 136 c2
Event: 25.220 Thread 0x000000000046e800 Uncommon trap: reason=unstable_if action=reinterpret pc=0x000000001198fbec method=java.lang.ThreadLocal$ThreadLocalMap.getEntry(Ljava/lang/ThreadLocal;)Ljava/lang/ThreadLocal$ThreadLocalMap$Entry; @ 29 c2
Event: 25.263 Thread 0x000000000046e800 Uncommon trap: reason=speculate_null_assert action=make_not_entrant pc=0x00000000119787cc method=org.eclipse.sisu.inject.RankedBindings$Itr.hasNext()Z @ 80 c2

Classes redefined (0 events):
No events

Internal exceptions (10 events):
Event: 5.971 Thread 0x000000000046e800 Exception <a 'java/lang/NoClassDefFoundError'{0x00000000d3296e50}: com/google/inject/servlet/ServletModuleTargetVisitor> (0x00000000d3296e50) thrown at [./open/src/hotspot/share/classfile/systemDictionary.cpp, line 216]
Event: 5.971 Thread 0x000000000046e800 Exception <a 'java/lang/NoClassDefFoundError'{0x00000000d3296e50}> (0x00000000d3296e50) thrown at [./open/src/hotspot/share/prims/jvm.cpp, line 1309]
Event: 5.972 Thread 0x000000000046e800 Exception <a 'java/lang/NoClassDefFoundError'{0x00000000d3299d48}: javax/annotation/Priority> (0x00000000d3299d48) thrown at [./open/src/hotspot/share/classfile/systemDictionary.cpp, line 216]
Event: 6.343 Thread 0x000000000046e800 Exception <a 'java/lang/NoSuchMethodError'{0x00000000d2ea1c28}: java.lang.invoke.DirectMethodHandle$Holder.invokeStaticInit(Ljava/lang/Object;IIII)Ljava/lang/Object;> (0x00000000d2ea1c28) thrown at [./open/src/hotspot/share/interpreter/linkResolver.cpp, l
Event: 16.146 Thread 0x000000000046e800 Implicit null exception at 0x00000000118bccc5 to 0x00000000118bce74
Event: 16.146 Thread 0x000000000046e800 Implicit null exception at 0x00000000118a702f to 0x00000000118a7099
Event: 16.268 Thread 0x000000000046e800 Implicit null exception at 0x000000001192f675 to 0x000000001192f8c0
Event: 16.268 Thread 0x000000000046e800 Implicit null exception at 0x00000000118ed826 to 0x00000000118ef1e0
Event: 16.270 Thread 0x000000000046e800 Implicit null exception at 0x00000000118ec38b to 0x00000000118eca2c
Event: 16.368 Thread 0x000000000046e800 Implicit null exception at 0x0000000011988dd6 to 0x00000000119890f0

Events (10 events):
Event: 25.444 loading class sun/nio/ch/Util$BufferCache
Event: 25.444 loading class sun/nio/ch/Util$BufferCache done
Event: 25.444 loading class java/nio/DirectByteBuffer$Deallocator
Event: 25.445 loading class java/nio/DirectByteBuffer$Deallocator done
Event: 25.446 loading class sun/nio/ch/IOStatus
Event: 25.446 loading class sun/nio/ch/IOStatus done
Event: 25.448 loading class java/nio/BufferMismatch
Event: 25.451 loading class java/nio/BufferMismatch done
Event: 25.452 loading class jdk/internal/util/ArraysSupport
Event: 25.453 loading class jdk/internal/util/ArraysSupport done


Dynamic libraries:
0x000000013f050000 - 0x000000013f05f000 	C:\Program Files\Java\jdk-11.0.13\bin\java.exe
0x0000000077a60000 - 0x0000000077bff000 	C:\Windows\SYSTEM32\ntdll.dll
0x0000000077840000 - 0x000000007795f000 	C:\Windows\system32\kernel32.dll
0x000007fefd600000 - 0x000007fefd667000 	C:\Windows\system32\KERNELBASE.dll
0x000007fefaf70000 - 0x000007fefaf88000 	C:\Program Files\Java\jdk-11.0.13\bin\jli.dll
0x000007fefefd0000 - 0x000007feff0ab000 	C:\Windows\system32\ADVAPI32.dll
0x000007feffab0000 - 0x000007feffb4f000 	C:\Windows\system32\msvcrt.dll
0x000007feffd30000 - 0x000007feffd4f000 	C:\Windows\SYSTEM32\sechost.dll
0x000007fefd9f0000 - 0x000007fefdb1c000 	C:\Windows\system32\RPCRT4.dll
0x000007fefc1a0000 - 0x000007fefc395000 	C:\Windows\WinSxS\amd64_microsoft.windows.common-controls_6595b64144ccf1df_6.0.7601.24483_none_e372d88f30fbb845\COMCTL32.dll
0x000007fefdc30000 - 0x000007fefdc97000 	C:\Windows\system32\GDI32.dll
0x0000000077960000 - 0x0000000077a5b000 	C:\Windows\system32\USER32.dll
0x000007fefdc10000 - 0x000007fefdc1e000 	C:\Windows\system32\LPK.dll
0x000007fefdb40000 - 0x000007fefdc0b000 	C:\Windows\system32\USP10.dll
0x000007feff650000 - 0x000007feff6c1000 	C:\Windows\system32\SHLWAPI.dll
0x000007fefc8c0000 - 0x000007fefc8cc000 	C:\Windows\system32\VERSION.dll
0x000007fef64e0000 - 0x000007fef64f5000 	C:\Program Files\Java\jdk-11.0.13\bin\VCRUNTIME140.dll
0x000007fef6530000 - 0x000007fef6534000 	C:\Program Files\Java\jdk-11.0.13\bin\api-ms-win-crt-runtime-l1-1-0.dll
0x000007fede320000 - 0x000007fede41a000 	C:\Program Files\Java\jdk-11.0.13\bin\ucrtbase.DLL
0x000007fef6550000 - 0x000007fef6553000 	C:\Program Files\Java\jdk-11.0.13\bin\api-ms-win-core-localization-l1-2-0.dll
0x000007fef6540000 - 0x000007fef6543000 	C:\Program Files\Java\jdk-11.0.13\bin\api-ms-win-core-processthreads-l1-1-1.dll
0x000007fef6510000 - 0x000007fef6513000 	C:\Program Files\Java\jdk-11.0.13\bin\api-ms-win-core-file-l1-2-0.dll
0x000007fef64d0000 - 0x000007fef64d3000 	C:\Program Files\Java\jdk-11.0.13\bin\api-ms-win-core-timezone-l1-1-0.dll
0x000007fef61f0000 - 0x000007fef61f3000 	C:\Program Files\Java\jdk-11.0.13\bin\api-ms-win-core-file-l2-1-0.dll
0x000007fef61e0000 - 0x000007fef61e3000 	C:\Program Files\Java\jdk-11.0.13\bin\api-ms-win-core-synch-l1-2-0.dll
0x000007fef6520000 - 0x000007fef6523000 	C:\Program Files\Java\jdk-11.0.13\bin\api-ms-win-crt-heap-l1-1-0.dll
0x000007fef6220000 - 0x000007fef6224000 	C:\Program Files\Java\jdk-11.0.13\bin\api-ms-win-crt-string-l1-1-0.dll
0x000007fef6230000 - 0x000007fef6234000 	C:\Program Files\Java\jdk-11.0.13\bin\api-ms-win-crt-stdio-l1-1-0.dll
0x000007fef2680000 - 0x000007fef2684000 	C:\Program Files\Java\jdk-11.0.13\bin\api-ms-win-crt-convert-l1-1-0.dll
0x000007fef2690000 - 0x000007fef2693000 	C:\Program Files\Java\jdk-11.0.13\bin\api-ms-win-crt-environment-l1-1-0.dll
0x000007fef2640000 - 0x000007fef2643000 	C:\Program Files\Java\jdk-11.0.13\bin\api-ms-win-crt-filesystem-l1-1-0.dll
0x000007fef2670000 - 0x000007fef2675000 	C:\Program Files\Java\jdk-11.0.13\bin\api-ms-win-crt-math-l1-1-0.dll
0x000007fef12d0000 - 0x000007fef12d3000 	C:\Program Files\Java\jdk-11.0.13\bin\api-ms-win-crt-locale-l1-1-0.dll
0x000007fefe210000 - 0x000007fefe23e000 	C:\Windows\system32\IMM32.DLL
0x000007fefdca0000 - 0x000007fefddab000 	C:\Windows\system32\MSCTF.dll
0x000007fee5190000 - 0x000007fee522b000 	C:\Program Files\Java\jdk-11.0.13\bin\msvcp140.dll
0x000007fef2650000 - 0x000007fef2653000 	C:\Program Files\Java\jdk-11.0.13\bin\api-ms-win-crt-time-l1-1-0.dll
0x000007fef2660000 - 0x000007fef2663000 	C:\Program Files\Java\jdk-11.0.13\bin\api-ms-win-crt-utility-l1-1-0.dll
0x000007fed96e0000 - 0x000007feda1f3000 	C:\Program Files\Java\jdk-11.0.13\bin\server\jvm.dll
0x000007fee5460000 - 0x000007fee5469000 	C:\Windows\system32\WSOCK32.dll
0x000007feff0b0000 - 0x000007feff0fd000 	C:\Windows\system32\WS2_32.dll
0x000007fefdc20000 - 0x000007fefdc28000 	C:\Windows\system32\NSI.dll
0x000007fefb1a0000 - 0x000007fefb1db000 	C:\Windows\system32\WINMM.dll
0x0000000077c00000 - 0x0000000077c07000 	C:\Windows\system32\PSAPI.DLL
0x000007fef2630000 - 0x000007fef2640000 	C:\Program Files\Java\jdk-11.0.13\bin\verify.dll
0x000007fef59e0000 - 0x000007fef5b05000 	C:\Windows\system32\DBGHELP.DLL
0x000007fef1320000 - 0x000007fef1348000 	C:\Program Files\Java\jdk-11.0.13\bin\java.dll
0x000007fef2360000 - 0x000007fef236a000 	C:\Program Files\Java\jdk-11.0.13\bin\jimage.dll
0x000007fef1300000 - 0x000007fef1316000 	C:\Program Files\Java\jdk-11.0.13\bin\zip.dll
0x000007fefe240000 - 0x000007fefefcb000 	C:\Windows\system32\SHELL32.dll
0x000007feff730000 - 0x000007feff92f000 	C:\Windows\system32\ole32.dll
0x000007fefd5b0000 - 0x000007fefd5bf000 	C:\Windows\system32\profapi.dll
0x000007fef12e0000 - 0x000007fef12f9000 	C:\Program Files\Java\jdk-11.0.13\bin\net.dll
0x000007fef96c0000 - 0x000007fef9731000 	C:\Windows\system32\WINHTTP.dll
0x000007fef9650000 - 0x000007fef96b5000 	C:\Windows\system32\webio.dll
0x000007fefcce0000 - 0x000007fefcd35000 	C:\Windows\system32\mswsock.dll
0x000007fefd040000 - 0x000007fefd047000 	C:\Windows\System32\wship6.dll
0x000007fef1000000 - 0x000007fef1012000 	C:\Program Files\Java\jdk-11.0.13\bin\nio.dll

dbghelp: loaded successfully - version: 4.0.5 - missing functions: none
symbol engine: initialized successfully - sym options: 0x614 - pdb path: .;C:\Program Files\Java\jdk-11.0.13\bin;C:\Windows\SYSTEM32;C:\Windows\WinSxS\amd64_microsoft.windows.common-controls_6595b64144ccf1df_6.0.7601.24483_none_e372d88f30fbb845;C:\Program Files\Java\jdk-11.0.13\bin\server

VM Arguments:
jvm_args: -Dclassworlds.conf=C:\Program Files\NetBeans-11.3\netbeans\java\maven\bin\m2.conf -Dmaven.home=C:\Program Files\NetBeans-11.3\netbeans\java\maven -Dmaven.multiModuleProjectDirectory=C:\Users\ANDRES\Desktop\sergio arboleda\Desarrollo web ciclo 4\Tienda 
java_command: org.codehaus.plexus.classworlds.launcher.Launcher -Dexec.args=-classpath %classpath Tienda.TiendaApplication -Dexec.executable=C:\Program Files\Java\jdk-11.0.13\bin\java.exe -Dexec.classpathScope=runtime -Dmaven.ext.class.path=C:\Program Files\NetBeans-11.3\netbeans\java\maven-nblib\netbeans-eventspy.jar -Dfile.encoding=UTF-8 process-classes org.codehaus.mojo:exec-maven-plugin:1.5.0:exec
java_class_path (initial): C:\Program Files\NetBeans-11.3\netbeans\java\maven\boot\plexus-classworlds-2.5.2.jar
Launcher Type: SUN_STANDARD

[Global flags]
     intx CICompilerCount                          = 2                                         {product} {ergonomic}
     uint ConcGCThreads                            = 1                                         {product} {ergonomic}
     uint G1ConcRefinementThreads                  = 2                                         {product} {ergonomic}
   size_t G1HeapRegionSize                         = 1048576                                   {product} {ergonomic}
    uintx GCDrainStackTargetSize                   = 64                                        {product} {ergonomic}
   size_t InitialHeapSize                          = 50331648                                  {product} {ergonomic}
   size_t MarkStackSize                            = 4194304                                   {product} {ergonomic}
   size_t MaxHeapSize                              = 788529152                                 {product} {ergonomic}
   size_t MaxNewSize                               = 472907776                                 {product} {ergonomic}
   size_t MinHeapDeltaBytes                        = 1048576                                   {product} {ergonomic}
    uintx NonNMethodCodeHeapSize                   = 5825164                                {pd product} {ergonomic}
    uintx NonProfiledCodeHeapSize                  = 122916538                              {pd product} {ergonomic}
    uintx ProfiledCodeHeapSize                     = 122916538                              {pd product} {ergonomic}
    uintx ReservedCodeCacheSize                    = 251658240                              {pd product} {ergonomic}
     bool SegmentedCodeCache                       = true                                      {product} {ergonomic}
     bool UseCompressedClassPointers               = true                                 {lp64_product} {ergonomic}
     bool UseCompressedOops                        = true                                 {lp64_product} {ergonomic}
     bool UseG1GC                                  = true                                      {product} {ergonomic}
     bool UseLargePagesIndividualAllocation        = false                                  {pd product} {ergonomic}

Logging:
Log output configuration:
 #0: stdout all=warning uptime,level,tags
 #1: stderr all=off uptime,level,tags

Environment Variables:
JAVA_HOME=C:\Program Files\Java\jdk-11.0.13
PATH=C:\Program Files\Common Files\Oracle\Java\javapath;C:\ProgramData\Oracle\Java\javapath;C:\Program Files (x86)\Common Files\Intel\Shared Files\cpp\bin\Intel64;C:\Program Files\WinRAR;C:\Program Files (x86)\Google\Chrome\Application;C:\Windows\system32;C:\Windows;C:\Windows\System32\Wbem;C:\Windows\System32\WindowsPowerShell\v1.0\;C:\adb;C:\Users\ANDRES\AppData\Local\Programs\Python\Python38;C:\Program Files\PuTTY\;C:\Program Files\Git\cmd;C:\Program Files\nodejs\;C:\Users\ANDRES\AppData\Local\Programs\Microsoft VS Code\bin;C:\Users\ANDRES\AppData\Local\GitHubDesktop\bin;C:\Users\ANDRES\AppData\Roaming\npm
USERNAME=ANDRES
OS=Windows_NT
PROCESSOR_IDENTIFIER=Intel64 Family 6 Model 23 Stepping 10, GenuineIntel



---------------  S Y S T E M  ---------------

OS: Windows 7 , 64 bit Build 7601 (6.1.7601.24545)

CPU:total 2 (initial active 2) (2 cores per cpu, 1 threads per core) family 6 model 23 stepping 10 microcode 0x0, cmov, cx8, fxsr, mmx, sse, sse2, sse3, ssse3, tsc

Memory: 4k page, system-wide physical 3002M (125M free)
TotalPageFile size 12009M (AvailPageFile size 11M)
current process WorkingSet (physical memory assigned to process): 152M, peak: 152M
current process commit charge ("private bytes"): 192M, peak: 200M

vm_info: Java HotSpot(TM) 64-Bit Server VM (11.0.13+10-LTS-370) for windows-amd64 JRE (11.0.13+10-LTS-370), built on Sep 15 2021 22:10:36 by "mach5one" with MS VC++ 15.9 (VS2017)

END.
