#
# There is insufficient memory for the Java Runtime Environment to continue.
# Native memory allocation (malloc) failed to allocate 1690416 bytes for Chunk::new
# Possible reasons:
#   The system is out of physical RAM or swap space
#   The process is running with CompressedOops enabled, and the Java Heap may be blocking the growth of the native heap
# Possible solutions:
#   Reduce memory load on the system
#   Increase physical memory or swap space
#   Check if swap backing store is full
#   Decrease Java heap size (-Xmx/-Xms)
#   Decrease number of Java threads
#   Decrease Java thread stack sizes (-Xss)
#   Set larger code cache with -XX:ReservedCodeCacheSize=
#   JVM is running with Unscaled Compressed Oops mode in which the Java heap is
#     placed in the first 4GB address space. The Java Heap base address is the
#     maximum limit for the native heap growth. Please use -XX:HeapBaseMinAddress
#     to set the Java Heap base and to place the Java Heap above 4GB virtual address.
# This output file may be truncated or incomplete.
#
#  Out of Memory Error (./open/src/hotspot/share/memory/arena.cpp:197), pid=8588, tid=5996
#
# JRE version: Java(TM) SE Runtime Environment 18.9 (11.0.13+10) (build 11.0.13+10-LTS-370)
# Java VM: Java HotSpot(TM) 64-Bit Server VM 18.9 (11.0.13+10-LTS-370, mixed mode, tiered, compressed oops, g1 gc, windows-amd64)
# No core dump will be written. Minidumps are not enabled by default on client versions of Windows
#

---------------  S U M M A R Y ------------

Command Line: -Dclassworlds.conf=C:\Program Files\NetBeans-11.3\netbeans\java\maven\bin\m2.conf -Dmaven.home=C:\Program Files\NetBeans-11.3\netbeans\java\maven -Dmaven.multiModuleProjectDirectory=C:\Users\ANDRES\Desktop\sergio arboleda\Desarrollo web ciclo 4\Tienda org.codehaus.plexus.classworlds.launcher.Launcher -Dexec.args=-classpath %classpath Tienda.TiendaApplication -Dexec.executable=C:\Program Files\Java\jdk-11.0.13\bin\java.exe -Dexec.classpathScope=runtime -Dmaven.ext.class.path=C:\Program Files\NetBeans-11.3\netbeans\java\maven-nblib\netbeans-eventspy.jar -Dfile.encoding=UTF-8 process-classes org.codehaus.mojo:exec-maven-plugin:1.5.0:exec

Host: Pentium(R) Dual-Core CPU       T4200  @ 2.00GHz, 2 cores, 2G,  Windows 7 , 64 bit Build 7601 (6.1.7601.24545)
Time: Fri Nov 26 21:13:28 2021 Hora est. Pacífico, Sudamérica elapsed time: 19.969261 seconds (0d 0h 0m 19s)

---------------  T H R E A D  ---------------

Current thread (0x000000005ddf7000):  JavaThread "C2 CompilerThread0" daemon [_thread_in_native, id=5996, stack(0x000000005eb40000,0x000000005ec40000)]


Current CompileTask:
C2:  19969 3842   !   4       org.codehaus.plexus.interpolation.StringSearchInterpolator::interpolate (655 bytes)

Stack: [0x000000005eb40000,0x000000005ec40000]
Native frames: (J=compiled Java code, j=interpreted, Vv=VM code, C=native code)
V  [jvm.dll+0x62870a]
V  [jvm.dll+0x761f2f]
V  [jvm.dll+0x7635d9]
V  [jvm.dll+0x763c63]
V  [jvm.dll+0x23d728]
V  [jvm.dll+0xb293c]
V  [jvm.dll+0xb2efc]
V  [jvm.dll+0x3408b7]
V  [jvm.dll+0x30e603]
V  [jvm.dll+0x30d94a]
V  [jvm.dll+0x1f8255]
V  [jvm.dll+0x1f743d]
V  [jvm.dll+0x177991]
V  [jvm.dll+0x206d84]
V  [jvm.dll+0x204ebb]
V  [jvm.dll+0x727e70]
V  [jvm.dll+0x720a54]
V  [jvm.dll+0x627606]
C  [ucrtbase.DLL+0x1d912]
C  [kernel32.dll+0x1556d]
C  [ntdll.dll+0x5372d]


---------------  P R O C E S S  ---------------

Threads class SMR info:
_java_thread_list=0x000000005f0cd400, length=10, elements={
0x000000000031e800, 0x000000005d50e800, 0x000000005d510000, 0x000000005dded800,
0x000000005ddf2000, 0x000000005ddf5000, 0x000000005ddf7000, 0x000000005de19800,
0x000000005de61800, 0x000000005f0ce000
}

Java Threads: ( => current thread )
  0x000000000031e800 JavaThread "main" [_thread_in_native, id=6540, stack(0x0000000002050000,0x0000000002150000)]
  0x000000005d50e800 JavaThread "Reference Handler" daemon [_thread_blocked, id=520, stack(0x000000005e210000,0x000000005e310000)]
  0x000000005d510000 JavaThread "Finalizer" daemon [_thread_blocked, id=1032, stack(0x000000005e3c0000,0x000000005e4c0000)]
  0x000000005dded800 JavaThread "Signal Dispatcher" daemon [_thread_blocked, id=8692, stack(0x000000005e5f0000,0x000000005e6f0000)]
  0x000000005ddf2000 JavaThread "Attach Listener" daemon [_thread_blocked, id=7984, stack(0x000000005e6f0000,0x000000005e7f0000)]
  0x000000005ddf5000 JavaThread "Service Thread" daemon [_thread_blocked, id=2788, stack(0x000000005e950000,0x000000005ea50000)]
=>0x000000005ddf7000 JavaThread "C2 CompilerThread0" daemon [_thread_in_native, id=5996, stack(0x000000005eb40000,0x000000005ec40000)]
  0x000000005de19800 JavaThread "C1 CompilerThread0" daemon [_thread_blocked, id=3240, stack(0x000000005ed20000,0x000000005ee20000)]
  0x000000005de61800 JavaThread "Sweeper thread" daemon [_thread_blocked, id=5864, stack(0x000000005ef50000,0x000000005f050000)]
  0x000000005f0ce000 JavaThread "Common-Cleaner" daemon [_thread_blocked, id=5796, stack(0x000000005e800000,0x000000005e900000)]

Other Threads:
  0x000000005d509000 VMThread "VM Thread" [stack: 0x000000005df30000,0x000000005e030000] [id=4344]
  0x000000005f0cb800 WatcherThread [stack: 0x000000005f500000,0x000000005f600000] [id=6476]
  0x0000000000334800 GCTaskThread "GC Thread#0" [stack: 0x0000000018e70000,0x0000000018f70000] [id=8436]
  0x000000005f696800 GCTaskThread "GC Thread#1" [stack: 0x000000005fea0000,0x000000005ffa0000] [id=5396]
  0x000000000034d000 ConcurrentGCThread "G1 Main Marker" [stack: 0x000000001acc0000,0x000000001adc0000] [id=8984]
  0x000000000034e000 ConcurrentGCThread "G1 Conc#0" [stack: 0x000000001ae30000,0x000000001af30000] [id=304]
  0x0000000000396000 ConcurrentGCThread "G1 Refine#0" [stack: 0x000000001d320000,0x000000001d420000] [id=3712]
  0x0000000000398000 ConcurrentGCThread "G1 Young RemSet Sampling" [stack: 0x000000001d1f0000,0x000000001d2f0000] [id=8220]

Threads with active compile tasks:
C2 CompilerThread0  20024 3842   !   4       org.codehaus.plexus.interpolation.StringSearchInterpolator::interpolate (655 bytes)

VM state:not at safepoint (normal execution)

VM Mutex/Monitor currently owned by a thread: None

Heap address: 0x00000000d1000000, size: 752 MB, Compressed Oops mode: 32-bit
Narrow klass base: 0x0000000000000000, Narrow klass shift: 0
Compressed class space size: 1073741824 Address: 0x000000001d420000

Heap:
 garbage-first heap   total 107520K, used 25373K [0x00000000d1000000, 0x0000000100000000)
  region size 1024K, 9 young (9216K), 3 survivors (3072K)
 Metaspace       used 21948K, capacity 22396K, committed 22656K, reserved 1069056K
  class space    used 2273K, capacity 2401K, committed 2432K, reserved 1048576K
Heap Regions: E=young(eden), S=young(survivor), O=old, HS=humongous(starts), HC=humongous(continues), CS=collection set, F=free, A=archive, TAMS=top-at-mark-start (previous, next)
|   0|0x00000000d1000000, 0x00000000d1100000, 0x00000000d1100000|100%| O|  |TAMS 0x00000000d1100000, 0x00000000d1000000| Untracked 
|   1|0x00000000d1100000, 0x00000000d1200000, 0x00000000d1200000|100%| O|  |TAMS 0x00000000d1200000, 0x00000000d1100000| Untracked 
|   2|0x00000000d1200000, 0x00000000d1300000, 0x00000000d1300000|100%| O|  |TAMS 0x00000000d1300000, 0x00000000d1200000| Untracked 
|   3|0x00000000d1300000, 0x00000000d1400000, 0x00000000d1400000|100%| O|  |TAMS 0x00000000d1400000, 0x00000000d1300000| Untracked 
|   4|0x00000000d1400000, 0x00000000d1500000, 0x00000000d1500000|100%| O|  |TAMS 0x00000000d1500000, 0x00000000d1400000| Untracked 
|   5|0x00000000d1500000, 0x00000000d1600000, 0x00000000d1600000|100%| O|  |TAMS 0x00000000d1600000, 0x00000000d1500000| Untracked 
|   6|0x00000000d1600000, 0x00000000d1700000, 0x00000000d1700000|100%| O|  |TAMS 0x00000000d1700000, 0x00000000d1600000| Untracked 
|   7|0x00000000d1700000, 0x00000000d1800000, 0x00000000d1800000|100%| O|  |TAMS 0x00000000d1800000, 0x00000000d1700000| Untracked 
|   8|0x00000000d1800000, 0x00000000d1900000, 0x00000000d1900000|100%| O|  |TAMS 0x00000000d1900000, 0x00000000d1800000| Untracked 
|   9|0x00000000d1900000, 0x00000000d1a00000, 0x00000000d1a00000|100%| O|  |TAMS 0x00000000d1a00000, 0x00000000d1900000| Untracked 
|  10|0x00000000d1a00000, 0x00000000d1b00000, 0x00000000d1b00000|100%| O|  |TAMS 0x00000000d1b00000, 0x00000000d1a00000| Untracked 
|  11|0x00000000d1b00000, 0x00000000d1c00000, 0x00000000d1c00000|100%| O|  |TAMS 0x00000000d1c00000, 0x00000000d1b00000| Untracked 
|  12|0x00000000d1c00000, 0x00000000d1d00000, 0x00000000d1d00000|100%| O|  |TAMS 0x00000000d1d00000, 0x00000000d1c00000| Untracked 
|  13|0x00000000d1d00000, 0x00000000d1e00000, 0x00000000d1e00000|100%| O|  |TAMS 0x00000000d1e00000, 0x00000000d1d00000| Untracked 
|  14|0x00000000d1e00000, 0x00000000d1f00000, 0x00000000d1f00000|100%| O|  |TAMS 0x00000000d1f00000, 0x00000000d1e00000| Untracked 
|  15|0x00000000d1f00000, 0x00000000d2000000, 0x00000000d2000000|100%| O|  |TAMS 0x00000000d2000000, 0x00000000d1f00000| Untracked 
|  16|0x00000000d2000000, 0x00000000d2000000, 0x00000000d2100000|  0%| F|  |TAMS 0x00000000d2000000, 0x00000000d2000000| Untracked 
|  17|0x00000000d2100000, 0x00000000d2100000, 0x00000000d2200000|  0%| F|  |TAMS 0x00000000d2100000, 0x00000000d2100000| Untracked 
|  18|0x00000000d2200000, 0x00000000d2200000, 0x00000000d2300000|  0%| F|  |TAMS 0x00000000d2200000, 0x00000000d2200000| Untracked 
|  19|0x00000000d2300000, 0x00000000d2300000, 0x00000000d2400000|  0%| F|  |TAMS 0x00000000d2300000, 0x00000000d2300000| Untracked 
|  20|0x00000000d2400000, 0x00000000d2400000, 0x00000000d2500000|  0%| F|  |TAMS 0x00000000d2400000, 0x00000000d2400000| Untracked 
|  21|0x00000000d2500000, 0x00000000d2500000, 0x00000000d2600000|  0%| F|  |TAMS 0x00000000d2500000, 0x00000000d2500000| Untracked 
|  22|0x00000000d2600000, 0x00000000d2600000, 0x00000000d2700000|  0%| F|  |TAMS 0x00000000d2600000, 0x00000000d2600000| Untracked 
|  23|0x00000000d2700000, 0x00000000d2700000, 0x00000000d2800000|  0%| F|  |TAMS 0x00000000d2700000, 0x00000000d2700000| Untracked 
|  24|0x00000000d2800000, 0x00000000d2800000, 0x00000000d2900000|  0%| F|  |TAMS 0x00000000d2800000, 0x00000000d2800000| Untracked 
|  25|0x00000000d2900000, 0x00000000d2900000, 0x00000000d2a00000|  0%| F|  |TAMS 0x00000000d2900000, 0x00000000d2900000| Untracked 
|  26|0x00000000d2a00000, 0x00000000d2a00000, 0x00000000d2b00000|  0%| F|  |TAMS 0x00000000d2a00000, 0x00000000d2a00000| Untracked 
|  27|0x00000000d2b00000, 0x00000000d2b00000, 0x00000000d2c00000|  0%| F|  |TAMS 0x00000000d2b00000, 0x00000000d2b00000| Untracked 
|  28|0x00000000d2c00000, 0x00000000d2c00000, 0x00000000d2d00000|  0%| F|  |TAMS 0x00000000d2c00000, 0x00000000d2c00000| Untracked 
|  29|0x00000000d2d00000, 0x00000000d2d00000, 0x00000000d2e00000|  0%| F|  |TAMS 0x00000000d2d00000, 0x00000000d2d00000| Untracked 
|  30|0x00000000d2e00000, 0x00000000d2e00000, 0x00000000d2f00000|  0%| F|  |TAMS 0x00000000d2e00000, 0x00000000d2e00000| Untracked 
|  31|0x00000000d2f00000, 0x00000000d2f00000, 0x00000000d3000000|  0%| F|  |TAMS 0x00000000d2f00000, 0x00000000d2f00000| Untracked 
|  32|0x00000000d3000000, 0x00000000d3000000, 0x00000000d3100000|  0%| F|  |TAMS 0x00000000d3000000, 0x00000000d3000000| Untracked 
|  33|0x00000000d3100000, 0x00000000d3100000, 0x00000000d3200000|  0%| F|  |TAMS 0x00000000d3100000, 0x00000000d3100000| Untracked 
|  34|0x00000000d3200000, 0x00000000d3200000, 0x00000000d3300000|  0%| F|  |TAMS 0x00000000d3200000, 0x00000000d3200000| Untracked 
|  35|0x00000000d3300000, 0x00000000d3300000, 0x00000000d3400000|  0%| F|  |TAMS 0x00000000d3300000, 0x00000000d3300000| Untracked 
|  36|0x00000000d3400000, 0x00000000d34f4600, 0x00000000d3500000| 95%| O|  |TAMS 0x00000000d34f4600, 0x00000000d3400000| Untracked 
|  37|0x00000000d3500000, 0x00000000d3500000, 0x00000000d3600000|  0%| F|  |TAMS 0x00000000d3500000, 0x00000000d3500000| Untracked 
|  38|0x00000000d3600000, 0x00000000d3600000, 0x00000000d3700000|  0%| F|  |TAMS 0x00000000d3600000, 0x00000000d3600000| Untracked 
|  39|0x00000000d3700000, 0x00000000d3700000, 0x00000000d3800000|  0%| F|  |TAMS 0x00000000d3700000, 0x00000000d3700000| Untracked 
|  40|0x00000000d3800000, 0x00000000d3800000, 0x00000000d3900000|  0%| F|  |TAMS 0x00000000d3800000, 0x00000000d3800000| Untracked 
|  41|0x00000000d3900000, 0x00000000d3900000, 0x00000000d3a00000|  0%| F|  |TAMS 0x00000000d3900000, 0x00000000d3900000| Untracked 
|  42|0x00000000d3a00000, 0x00000000d3a00000, 0x00000000d3b00000|  0%| F|  |TAMS 0x00000000d3a00000, 0x00000000d3a00000| Untracked 
|  43|0x00000000d3b00000, 0x00000000d3b00000, 0x00000000d3c00000|  0%| F|  |TAMS 0x00000000d3b00000, 0x00000000d3b00000| Untracked 
|  44|0x00000000d3c00000, 0x00000000d3c00000, 0x00000000d3d00000|  0%| F|  |TAMS 0x00000000d3c00000, 0x00000000d3c00000| Untracked 
|  45|0x00000000d3d00000, 0x00000000d3d00000, 0x00000000d3e00000|  0%| F|  |TAMS 0x00000000d3d00000, 0x00000000d3d00000| Untracked 
|  46|0x00000000d3e00000, 0x00000000d3e00000, 0x00000000d3f00000|  0%| F|  |TAMS 0x00000000d3e00000, 0x00000000d3e00000| Untracked 
|  47|0x00000000d3f00000, 0x00000000d3f00000, 0x00000000d4000000|  0%| F|  |TAMS 0x00000000d3f00000, 0x00000000d3f00000| Untracked 
|  48|0x00000000d4000000, 0x00000000d4000000, 0x00000000d4100000|  0%| F|  |TAMS 0x00000000d4000000, 0x00000000d4000000| Untracked 
|  49|0x00000000d4100000, 0x00000000d4100000, 0x00000000d4200000|  0%| F|  |TAMS 0x00000000d4100000, 0x00000000d4100000| Untracked 
|  50|0x00000000d4200000, 0x00000000d4200000, 0x00000000d4300000|  0%| F|  |TAMS 0x00000000d4200000, 0x00000000d4200000| Untracked 
|  51|0x00000000d4300000, 0x00000000d4300000, 0x00000000d4400000|  0%| F|  |TAMS 0x00000000d4300000, 0x00000000d4300000| Untracked 
|  52|0x00000000d4400000, 0x00000000d4400000, 0x00000000d4500000|  0%| F|  |TAMS 0x00000000d4400000, 0x00000000d4400000| Untracked 
|  53|0x00000000d4500000, 0x00000000d4500000, 0x00000000d4600000|  0%| F|  |TAMS 0x00000000d4500000, 0x00000000d4500000| Untracked 
|  54|0x00000000d4600000, 0x00000000d4600000, 0x00000000d4700000|  0%| F|  |TAMS 0x00000000d4600000, 0x00000000d4600000| Untracked 
|  55|0x00000000d4700000, 0x00000000d4700000, 0x00000000d4800000|  0%| F|  |TAMS 0x00000000d4700000, 0x00000000d4700000| Untracked 
|  56|0x00000000d4800000, 0x00000000d4800000, 0x00000000d4900000|  0%| F|  |TAMS 0x00000000d4800000, 0x00000000d4800000| Untracked 
|  57|0x00000000d4900000, 0x00000000d4900000, 0x00000000d4a00000|  0%| F|  |TAMS 0x00000000d4900000, 0x00000000d4900000| Untracked 
|  58|0x00000000d4a00000, 0x00000000d4a00000, 0x00000000d4b00000|  0%| F|  |TAMS 0x00000000d4a00000, 0x00000000d4a00000| Untracked 
|  59|0x00000000d4b00000, 0x00000000d4b00000, 0x00000000d4c00000|  0%| F|  |TAMS 0x00000000d4b00000, 0x00000000d4b00000| Untracked 
|  60|0x00000000d4c00000, 0x00000000d4c00000, 0x00000000d4d00000|  0%| F|  |TAMS 0x00000000d4c00000, 0x00000000d4c00000| Untracked 
|  61|0x00000000d4d00000, 0x00000000d4d00000, 0x00000000d4e00000|  0%| F|  |TAMS 0x00000000d4d00000, 0x00000000d4d00000| Untracked 
|  62|0x00000000d4e00000, 0x00000000d4e00000, 0x00000000d4f00000|  0%| F|  |TAMS 0x00000000d4e00000, 0x00000000d4e00000| Untracked 
|  63|0x00000000d4f00000, 0x00000000d4f00000, 0x00000000d5000000|  0%| F|  |TAMS 0x00000000d4f00000, 0x00000000d4f00000| Untracked 
|  64|0x00000000d5000000, 0x00000000d5000000, 0x00000000d5100000|  0%| F|  |TAMS 0x00000000d5000000, 0x00000000d5000000| Untracked 
|  65|0x00000000d5100000, 0x00000000d5100000, 0x00000000d5200000|  0%| F|  |TAMS 0x00000000d5100000, 0x00000000d5100000| Untracked 
|  66|0x00000000d5200000, 0x00000000d5200000, 0x00000000d5300000|  0%| F|  |TAMS 0x00000000d5200000, 0x00000000d5200000| Untracked 
|  67|0x00000000d5300000, 0x00000000d5300000, 0x00000000d5400000|  0%| F|  |TAMS 0x00000000d5300000, 0x00000000d5300000| Untracked 
|  68|0x00000000d5400000, 0x00000000d5400000, 0x00000000d5500000|  0%| F|  |TAMS 0x00000000d5400000, 0x00000000d5400000| Untracked 
|  69|0x00000000d5500000, 0x00000000d5500000, 0x00000000d5600000|  0%| F|  |TAMS 0x00000000d5500000, 0x00000000d5500000| Untracked 
|  70|0x00000000d5600000, 0x00000000d5600000, 0x00000000d5700000|  0%| F|  |TAMS 0x00000000d5600000, 0x00000000d5600000| Untracked 
|  71|0x00000000d5700000, 0x00000000d5700000, 0x00000000d5800000|  0%| F|  |TAMS 0x00000000d5700000, 0x00000000d5700000| Untracked 
|  72|0x00000000d5800000, 0x00000000d5800000, 0x00000000d5900000|  0%| F|  |TAMS 0x00000000d5800000, 0x00000000d5800000| Untracked 
|  73|0x00000000d5900000, 0x00000000d5900000, 0x00000000d5a00000|  0%| F|  |TAMS 0x00000000d5900000, 0x00000000d5900000| Untracked 
|  74|0x00000000d5a00000, 0x00000000d5a00000, 0x00000000d5b00000|  0%| F|  |TAMS 0x00000000d5a00000, 0x00000000d5a00000| Untracked 
|  75|0x00000000d5b00000, 0x00000000d5b00000, 0x00000000d5c00000|  0%| F|  |TAMS 0x00000000d5b00000, 0x00000000d5b00000| Untracked 
|  76|0x00000000d5c00000, 0x00000000d5c00000, 0x00000000d5d00000|  0%| F|  |TAMS 0x00000000d5c00000, 0x00000000d5c00000| Untracked 
|  77|0x00000000d5d00000, 0x00000000d5d00000, 0x00000000d5e00000|  0%| F|  |TAMS 0x00000000d5d00000, 0x00000000d5d00000| Untracked 
|  78|0x00000000d5e00000, 0x00000000d5e00000, 0x00000000d5f00000|  0%| F|  |TAMS 0x00000000d5e00000, 0x00000000d5e00000| Untracked 
|  79|0x00000000d5f00000, 0x00000000d5f00000, 0x00000000d6000000|  0%| F|  |TAMS 0x00000000d5f00000, 0x00000000d5f00000| Untracked 
|  80|0x00000000d6000000, 0x00000000d6000000, 0x00000000d6100000|  0%| F|  |TAMS 0x00000000d6000000, 0x00000000d6000000| Untracked 
|  81|0x00000000d6100000, 0x00000000d6100000, 0x00000000d6200000|  0%| F|  |TAMS 0x00000000d6100000, 0x00000000d6100000| Untracked 
|  82|0x00000000d6200000, 0x00000000d6200000, 0x00000000d6300000|  0%| F|  |TAMS 0x00000000d6200000, 0x00000000d6200000| Untracked 
|  83|0x00000000d6300000, 0x00000000d6300000, 0x00000000d6400000|  0%| F|  |TAMS 0x00000000d6300000, 0x00000000d6300000| Untracked 
|  84|0x00000000d6400000, 0x00000000d6500000, 0x00000000d6500000|100%| S|CS|TAMS 0x00000000d6400000, 0x00000000d6400000| Complete 
|  85|0x00000000d6500000, 0x00000000d6600000, 0x00000000d6600000|100%| S|CS|TAMS 0x00000000d6500000, 0x00000000d6500000| Complete 
|  86|0x00000000d6600000, 0x00000000d66d31c0, 0x00000000d6700000| 82%| S|CS|TAMS 0x00000000d6600000, 0x00000000d6600000| Complete 
|  87|0x00000000d6700000, 0x00000000d6700000, 0x00000000d6800000|  0%| F|  |TAMS 0x00000000d6700000, 0x00000000d6700000| Untracked 
|  88|0x00000000d6800000, 0x00000000d6800000, 0x00000000d6900000|  0%| F|  |TAMS 0x00000000d6800000, 0x00000000d6800000| Untracked 
|  89|0x00000000d6900000, 0x00000000d6900000, 0x00000000d6a00000|  0%| F|  |TAMS 0x00000000d6900000, 0x00000000d6900000| Untracked 
|  90|0x00000000d6a00000, 0x00000000d6a00000, 0x00000000d6b00000|  0%| F|  |TAMS 0x00000000d6a00000, 0x00000000d6a00000| Untracked 
|  91|0x00000000d6b00000, 0x00000000d6b00000, 0x00000000d6c00000|  0%| F|  |TAMS 0x00000000d6b00000, 0x00000000d6b00000| Untracked 
|  92|0x00000000d6c00000, 0x00000000d6c00000, 0x00000000d6d00000|  0%| F|  |TAMS 0x00000000d6c00000, 0x00000000d6c00000| Untracked 
|  93|0x00000000d6d00000, 0x00000000d6d00000, 0x00000000d6e00000|  0%| F|  |TAMS 0x00000000d6d00000, 0x00000000d6d00000| Untracked 
|  94|0x00000000d6e00000, 0x00000000d6e00000, 0x00000000d6f00000|  0%| F|  |TAMS 0x00000000d6e00000, 0x00000000d6e00000| Untracked 
|  95|0x00000000d6f00000, 0x00000000d6f00000, 0x00000000d7000000|  0%| F|  |TAMS 0x00000000d6f00000, 0x00000000d6f00000| Untracked 
|  96|0x00000000d7000000, 0x00000000d7000000, 0x00000000d7100000|  0%| F|  |TAMS 0x00000000d7000000, 0x00000000d7000000| Untracked 
|  97|0x00000000d7100000, 0x00000000d7100000, 0x00000000d7200000|  0%| F|  |TAMS 0x00000000d7100000, 0x00000000d7100000| Untracked 
|  98|0x00000000d7200000, 0x00000000d7200000, 0x00000000d7300000|  0%| F|  |TAMS 0x00000000d7200000, 0x00000000d7200000| Untracked 
|  99|0x00000000d7300000, 0x00000000d7400000, 0x00000000d7400000|100%| E|  |TAMS 0x00000000d7300000, 0x00000000d7300000| Complete 
| 100|0x00000000d7400000, 0x00000000d7500000, 0x00000000d7500000|100%| E|CS|TAMS 0x00000000d7400000, 0x00000000d7400000| Complete 
| 101|0x00000000d7500000, 0x00000000d7600000, 0x00000000d7600000|100%| E|CS|TAMS 0x00000000d7500000, 0x00000000d7500000| Complete 
| 102|0x00000000d7600000, 0x00000000d7700000, 0x00000000d7700000|100%| E|CS|TAMS 0x00000000d7600000, 0x00000000d7600000| Complete 
| 103|0x00000000d7700000, 0x00000000d7800000, 0x00000000d7800000|100%| E|CS|TAMS 0x00000000d7700000, 0x00000000d7700000| Complete 
| 104|0x00000000d7800000, 0x00000000d7900000, 0x00000000d7900000|100%| E|CS|TAMS 0x00000000d7800000, 0x00000000d7800000| Complete 

Card table byte_map: [0x0000000019200000,0x0000000019380000] _byte_map_base: 0x0000000018b78000

Marking Bits (Prev, Next): (CMBitMap*) 0x00000000003493a8, (CMBitMap*) 0x00000000003493e0
 Prev Bits: [0x0000000019500000, 0x000000001a0c0000)
 Next Bits: [0x000000001a0c0000, 0x000000001ac80000)

Polling page: 0x0000000000130000

Metaspace:

Usage:
  Non-class:     19.53 MB capacity,    19.21 MB ( 98%) used,   293.47 KB (  1%) free+waste,    26.06 KB ( <1%) overhead. 
      Class:      2.34 MB capacity,     2.22 MB ( 95%) used,   117.51 KB (  5%) free+waste,    10.25 KB ( <1%) overhead. 
       Both:     21.87 MB capacity,    21.43 MB ( 98%) used,   410.98 KB (  2%) free+waste,    36.31 KB ( <1%) overhead. 

Virtual space:
  Non-class space:       20.00 MB reserved,      19.75 MB ( 99%) committed 
      Class space:        1.00 GB reserved,       2.38 MB ( <1%) committed 
             Both:        1.02 GB reserved,      22.13 MB (  2%) committed 

Chunk freelists:
   Non-Class:  4.63 KB
       Class:  0 bytes
        Both:  4.63 KB

CodeHeap 'non-profiled nmethods': size=120064Kb used=1771Kb max_used=1771Kb free=118292Kb
 bounds [0x0000000011730000, 0x00000000119a0000, 0x0000000018c70000]
CodeHeap 'profiled nmethods': size=120000Kb used=8374Kb max_used=8374Kb free=111625Kb
 bounds [0x000000000a200000, 0x000000000aa30000, 0x0000000011730000]
CodeHeap 'non-nmethods': size=5696Kb used=1094Kb max_used=1128Kb free=4601Kb
 bounds [0x0000000009c70000, 0x0000000009ee0000, 0x000000000a200000]
 total_blobs=4255 nmethods=3835 adapters=332
 compilation: enabled
              stopped_count=0, restarted_count=0
 full_count=0

Compilation events (10 events):
Event: 19.871 Thread 0x000000005de19800 3876       3       sun.nio.ch.FileLockImpl::<init> (11 bytes)
Event: 19.871 Thread 0x000000005de19800 nmethod 3876 0x000000000aa28f10 code [0x000000000aa290c0, 0x000000000aa291e8]
Event: 19.871 Thread 0x000000005de19800 3877       3       java.nio.channels.FileLock::<init> (86 bytes)
Event: 19.872 Thread 0x000000005de19800 nmethod 3877 0x000000000aa29290 code [0x000000000aa294a0, 0x000000000aa29af8]
Event: 19.872 Thread 0x000000005de19800 3878   !   3       sun.nio.ch.FileChannelImpl::fileLockTable (85 bytes)
Event: 19.874 Thread 0x000000005de19800 nmethod 3878 0x000000000aa29d10 code [0x000000000aa29fc0, 0x000000000aa2ae88]
Event: 19.874 Thread 0x000000005de19800 3879       3       sun.nio.ch.FileLockTable::<init> (29 bytes)
Event: 19.874 Thread 0x000000005de19800 nmethod 3879 0x000000000aa2b590 code [0x000000000aa2b7a0, 0x000000000aa2bf88]
Event: 19.875 Thread 0x000000005de19800 3880       3       org.eclipse.aether.RepositoryEvent$Builder::setRepository (7 bytes)
Event: 19.875 Thread 0x000000005de19800 nmethod 3880 0x000000000aa2c210 code [0x000000000aa2c3a0, 0x000000000aa2c4f8]

GC Heap History (10 events):
Event: 14.234 GC heap before
{Heap before GC invocations=7 (full 0):
 garbage-first heap   total 49152K, used 34495K [0x00000000d1000000, 0x0000000100000000)
  region size 1024K, 24 young (24576K), 3 survivors (3072K)
 Metaspace       used 20184K, capacity 20558K, committed 20736K, reserved 1067008K
  class space    used 2142K, capacity 2259K, committed 2304K, reserved 1048576K
}
Event: 14.284 GC heap after
{Heap after GC invocations=8 (full 0):
 garbage-first heap   total 86016K, used 16072K [0x00000000d1000000, 0x0000000100000000)
  region size 1024K, 3 young (3072K), 3 survivors (3072K)
 Metaspace       used 20184K, capacity 20558K, committed 20736K, reserved 1067008K
  class space    used 2142K, capacity 2259K, committed 2304K, reserved 1048576K
}
Event: 15.653 GC heap before
{Heap before GC invocations=8 (full 0):
 garbage-first heap   total 86016K, used 46792K [0x00000000d1000000, 0x0000000100000000)
  region size 1024K, 33 young (33792K), 3 survivors (3072K)
 Metaspace       used 20639K, capacity 21049K, committed 21248K, reserved 1069056K
  class space    used 2154K, capacity 2294K, committed 2304K, reserved 1048576K
}
Event: 15.693 GC heap after
{Heap after GC invocations=9 (full 0):
 garbage-first heap   total 86016K, used 17535K [0x00000000d1000000, 0x0000000100000000)
  region size 1024K, 2 young (2048K), 2 survivors (2048K)
 Metaspace       used 20639K, capacity 21049K, committed 21248K, reserved 1069056K
  class space    used 2154K, capacity 2294K, committed 2304K, reserved 1048576K
}
Event: 17.358 GC heap before
{Heap before GC invocations=9 (full 0):
 garbage-first heap   total 86016K, used 40063K [0x00000000d1000000, 0x0000000100000000)
  region size 1024K, 25 young (25600K), 2 survivors (2048K)
 Metaspace       used 20818K, capacity 21184K, committed 21248K, reserved 1069056K
  class space    used 2159K, capacity 2296K, committed 2304K, reserved 1048576K
}
Event: 17.391 GC heap after
{Heap after GC invocations=10 (full 0):
 garbage-first heap   total 86016K, used 18912K [0x00000000d1000000, 0x0000000100000000)
  region size 1024K, 4 young (4096K), 4 survivors (4096K)
 Metaspace       used 20818K, capacity 21184K, committed 21248K, reserved 1069056K
  class space    used 2159K, capacity 2296K, committed 2304K, reserved 1048576K
}
Event: 18.125 GC heap before
{Heap before GC invocations=11 (full 0):
 garbage-first heap   total 86016K, used 46560K [0x00000000d1000000, 0x0000000100000000)
  region size 1024K, 12 young (12288K), 4 survivors (4096K)
 Metaspace       used 21718K, capacity 22137K, committed 22400K, reserved 1069056K
  class space    used 2263K, capacity 2400K, committed 2432K, reserved 1048576K
}
Event: 18.151 GC heap after
{Heap after GC invocations=12 (full 0):
 garbage-first heap   total 86016K, used 40193K [0x00000000d1000000, 0x0000000100000000)
  region size 1024K, 3 young (3072K), 3 survivors (3072K)
 Metaspace       used 21718K, capacity 22137K, committed 22400K, reserved 1069056K
  class space    used 2263K, capacity 2400K, committed 2432K, reserved 1048576K
}
Event: 19.035 GC heap before
{Heap before GC invocations=13 (full 0):
 garbage-first heap   total 86016K, used 84225K [0x00000000d1000000, 0x0000000100000000)
  region size 1024K, 19 young (19456K), 3 survivors (3072K)
 Metaspace       used 21874K, capacity 22265K, committed 22400K, reserved 1069056K
  class space    used 2272K, capacity 2400K, committed 2432K, reserved 1048576K
}
Event: 19.093 GC heap after
{Heap after GC invocations=14 (full 0):
 garbage-first heap   total 107520K, used 20253K [0x00000000d1000000, 0x0000000100000000)
  region size 1024K, 3 young (3072K), 3 survivors (3072K)
 Metaspace       used 21874K, capacity 22265K, committed 22400K, reserved 1069056K
  class space    used 2272K, capacity 2400K, committed 2432K, reserved 1048576K
}

Deoptimization events (10 events):
Event: 16.236 Thread 0x000000000031e800 Uncommon trap: reason=unstable_if action=reinterpret pc=0x0000000011874acc method=org.codehaus.plexus.interpolation.StringSearchInterpolator.interpolate(Ljava/lang/String;Lorg/codehaus/plexus/interpolation/RecursionInterceptor;Ljava/util/Set;)Ljava/lang/S
Event: 16.298 Thread 0x000000000031e800 Uncommon trap: reason=unstable_if action=reinterpret pc=0x00000000117dce00 method=java.util.LinkedHashMap.afterNodeInsertion(Z)V @ 18 c2
Event: 17.804 Thread 0x000000000031e800 Uncommon trap: reason=unstable_if action=reinterpret pc=0x00000000118a3520 method=java.lang.ThreadLocal$ThreadLocalMap.getEntry(Ljava/lang/ThreadLocal;)Ljava/lang/ThreadLocal$ThreadLocalMap$Entry; @ 29 c2
Event: 17.807 Thread 0x000000000031e800 Uncommon trap: reason=speculate_null_assert action=make_not_entrant pc=0x000000001183b54c method=org.eclipse.sisu.inject.RankedBindings$Itr.hasNext()Z @ 80 c2
Event: 18.753 Thread 0x000000000031e800 Uncommon trap: reason=profile_predicate action=maybe_recompile pc=0x00000000118d7870 method=java.util.concurrent.ConcurrentHashMap.putAll(Ljava/util/Map;)V @ 28 c2
Event: 18.753 Thread 0x000000000031e800 Uncommon trap: reason=profile_predicate action=maybe_recompile pc=0x00000000118d7870 method=java.util.concurrent.ConcurrentHashMap.putAll(Ljava/util/Map;)V @ 28 c2
Event: 18.753 Thread 0x000000000031e800 Uncommon trap: reason=profile_predicate action=maybe_recompile pc=0x00000000118d7870 method=java.util.concurrent.ConcurrentHashMap.putAll(Ljava/util/Map;)V @ 28 c2
Event: 18.754 Thread 0x000000000031e800 Uncommon trap: reason=profile_predicate action=maybe_recompile pc=0x00000000118d7870 method=java.util.concurrent.ConcurrentHashMap.putAll(Ljava/util/Map;)V @ 28 c2
Event: 18.811 Thread 0x000000000031e800 Uncommon trap: reason=profile_predicate action=maybe_recompile pc=0x00000000118cb118 method=java.util.concurrent.ConcurrentHashMap.putAll(Ljava/util/Map;)V @ 22 c2
Event: 18.880 Thread 0x000000000031e800 Uncommon trap: reason=profile_predicate action=maybe_recompile pc=0x00000000118cb118 method=java.util.concurrent.ConcurrentHashMap.putAll(Ljava/util/Map;)V @ 22 c2

Classes redefined (0 events):
No events

Internal exceptions (10 events):
Event: 3.331 Thread 0x000000000031e800 Exception <a 'java/lang/NoSuchMethodError'{0x00000000d3ac71d0}: java.lang.invoke.DirectMethodHandle$Holder.invokeSpecialIFC(Ljava/lang/Object;Ljava/lang/Object;I)I> (0x00000000d3ac71d0) thrown at [./open/src/hotspot/share/interpreter/linkResolver.cpp, lin
Event: 8.933 Thread 0x000000000031e800 Exception <a 'java/lang/NoClassDefFoundError'{0x00000000d3131890}: com/google/inject/servlet/ServletModuleTargetVisitor> (0x00000000d3131890) thrown at [./open/src/hotspot/share/classfile/systemDictionary.cpp, line 216]
Event: 8.933 Thread 0x000000000031e800 Exception <a 'java/lang/NoClassDefFoundError'{0x00000000d3131890}> (0x00000000d3131890) thrown at [./open/src/hotspot/share/prims/jvm.cpp, line 1309]
Event: 8.935 Thread 0x000000000031e800 Exception <a 'java/lang/NoClassDefFoundError'{0x00000000d3134788}: javax/annotation/Priority> (0x00000000d3134788) thrown at [./open/src/hotspot/share/classfile/systemDictionary.cpp, line 216]
Event: 9.439 Thread 0x000000000031e800 Exception <a 'java/lang/NoSuchMethodError'{0x00000000d2d411b0}: java.lang.invoke.DirectMethodHandle$Holder.invokeStaticInit(Ljava/lang/Object;IIII)Ljava/lang/Object;> (0x00000000d2d411b0) thrown at [./open/src/hotspot/share/interpreter/linkResolver.cpp, l
Event: 13.781 Thread 0x000000000031e800 Implicit null exception at 0x00000000117ac945 to 0x00000000117acaf0
Event: 13.781 Thread 0x000000000031e800 Implicit null exception at 0x00000000117a31af to 0x00000000117a3219
Event: 13.873 Thread 0x000000000031e800 Implicit null exception at 0x0000000011839671 to 0x00000000118398bc
Event: 13.873 Thread 0x000000000031e800 Implicit null exception at 0x000000001180355d to 0x0000000011805030
Event: 13.874 Thread 0x000000000031e800 Implicit null exception at 0x0000000011770f48 to 0x0000000011770fda

Events (10 events):
Event: 18.837 Thread 0x000000000031e800 DEOPT UNPACKING pc=0x0000000009c9633f sp=0x000000000214b880 mode 0
Event: 18.837 Thread 0x000000000031e800 DEOPT PACKING pc=0x000000000a97e20e sp=0x000000000214c050
Event: 18.837 Thread 0x000000000031e800 DEOPT UNPACKING pc=0x0000000009c9633f sp=0x000000000214b5e0 mode 0
Event: 18.838 Thread 0x000000000031e800 DEOPT PACKING pc=0x000000000a97e20e sp=0x000000000214c370
Event: 18.838 Thread 0x000000000031e800 DEOPT UNPACKING pc=0x0000000009c9633f sp=0x000000000214b900 mode 0
Event: 18.880 Thread 0x000000000031e800 Uncommon trap: trap_request=0xffffffbe fr.pc=0x00000000118cb118 relative=0x00000000000007f8
Event: 18.880 Thread 0x000000000031e800 DEOPT PACKING pc=0x00000000118cb118 sp=0x000000000214cd90
Event: 18.880 Thread 0x000000000031e800 DEOPT UNPACKING pc=0x0000000009c95f29 sp=0x000000000214cd58 mode 2
Event: 19.035 Executing VM operation: G1CollectForAllocation
Event: 19.093 Executing VM operation: G1CollectForAllocation done


Dynamic libraries:
0x000000013f050000 - 0x000000013f05f000 	C:\Program Files\Java\jdk-11.0.13\bin\java.exe
0x0000000077a60000 - 0x0000000077bff000 	C:\Windows\SYSTEM32\ntdll.dll
0x0000000077840000 - 0x000000007795f000 	C:\Windows\system32\kernel32.dll
0x000007fefd600000 - 0x000007fefd667000 	C:\Windows\system32\KERNELBASE.dll
0x000007fefaf70000 - 0x000007fefaf88000 	C:\Program Files\Java\jdk-11.0.13\bin\jli.dll
0x000007fefefd0000 - 0x000007feff0ab000 	C:\Windows\system32\ADVAPI32.dll
0x000007feffab0000 - 0x000007feffb4f000 	C:\Windows\system32\msvcrt.dll
0x000007feffd30000 - 0x000007feffd4f000 	C:\Windows\SYSTEM32\sechost.dll
0x000007fefd9f0000 - 0x000007fefdb1c000 	C:\Windows\system32\RPCRT4.dll
0x000007fefc1a0000 - 0x000007fefc395000 	C:\Windows\WinSxS\amd64_microsoft.windows.common-controls_6595b64144ccf1df_6.0.7601.24483_none_e372d88f30fbb845\COMCTL32.dll
0x000007fefdc30000 - 0x000007fefdc97000 	C:\Windows\system32\GDI32.dll
0x0000000077960000 - 0x0000000077a5b000 	C:\Windows\system32\USER32.dll
0x000007fefdc10000 - 0x000007fefdc1e000 	C:\Windows\system32\LPK.dll
0x000007fefdb40000 - 0x000007fefdc0b000 	C:\Windows\system32\USP10.dll
0x000007feff650000 - 0x000007feff6c1000 	C:\Windows\system32\SHLWAPI.dll
0x000007fefc8c0000 - 0x000007fefc8cc000 	C:\Windows\system32\VERSION.dll
0x000007fef64e0000 - 0x000007fef64f5000 	C:\Program Files\Java\jdk-11.0.13\bin\VCRUNTIME140.dll
0x000007fef6530000 - 0x000007fef6534000 	C:\Program Files\Java\jdk-11.0.13\bin\api-ms-win-crt-runtime-l1-1-0.dll
0x000007fede320000 - 0x000007fede41a000 	C:\Program Files\Java\jdk-11.0.13\bin\ucrtbase.DLL
0x000007fef6550000 - 0x000007fef6553000 	C:\Program Files\Java\jdk-11.0.13\bin\api-ms-win-core-localization-l1-2-0.dll
0x000007fef6540000 - 0x000007fef6543000 	C:\Program Files\Java\jdk-11.0.13\bin\api-ms-win-core-processthreads-l1-1-1.dll
0x000007fef6510000 - 0x000007fef6513000 	C:\Program Files\Java\jdk-11.0.13\bin\api-ms-win-core-file-l1-2-0.dll
0x000007fef64d0000 - 0x000007fef64d3000 	C:\Program Files\Java\jdk-11.0.13\bin\api-ms-win-core-timezone-l1-1-0.dll
0x000007fef61f0000 - 0x000007fef61f3000 	C:\Program Files\Java\jdk-11.0.13\bin\api-ms-win-core-file-l2-1-0.dll
0x000007fef61e0000 - 0x000007fef61e3000 	C:\Program Files\Java\jdk-11.0.13\bin\api-ms-win-core-synch-l1-2-0.dll
0x000007fef6520000 - 0x000007fef6523000 	C:\Program Files\Java\jdk-11.0.13\bin\api-ms-win-crt-heap-l1-1-0.dll
0x000007fef6220000 - 0x000007fef6224000 	C:\Program Files\Java\jdk-11.0.13\bin\api-ms-win-crt-string-l1-1-0.dll
0x000007fef6230000 - 0x000007fef6234000 	C:\Program Files\Java\jdk-11.0.13\bin\api-ms-win-crt-stdio-l1-1-0.dll
0x000007fef2680000 - 0x000007fef2684000 	C:\Program Files\Java\jdk-11.0.13\bin\api-ms-win-crt-convert-l1-1-0.dll
0x000007fef2690000 - 0x000007fef2693000 	C:\Program Files\Java\jdk-11.0.13\bin\api-ms-win-crt-environment-l1-1-0.dll
0x000007fef2640000 - 0x000007fef2643000 	C:\Program Files\Java\jdk-11.0.13\bin\api-ms-win-crt-filesystem-l1-1-0.dll
0x000007fef2670000 - 0x000007fef2675000 	C:\Program Files\Java\jdk-11.0.13\bin\api-ms-win-crt-math-l1-1-0.dll
0x000007fef12d0000 - 0x000007fef12d3000 	C:\Program Files\Java\jdk-11.0.13\bin\api-ms-win-crt-locale-l1-1-0.dll
0x000007fefe210000 - 0x000007fefe23e000 	C:\Windows\system32\IMM32.DLL
0x000007fefdca0000 - 0x000007fefddab000 	C:\Windows\system32\MSCTF.dll
0x000007fee5190000 - 0x000007fee522b000 	C:\Program Files\Java\jdk-11.0.13\bin\msvcp140.dll
0x000007fef2650000 - 0x000007fef2653000 	C:\Program Files\Java\jdk-11.0.13\bin\api-ms-win-crt-time-l1-1-0.dll
0x000007fef2660000 - 0x000007fef2663000 	C:\Program Files\Java\jdk-11.0.13\bin\api-ms-win-crt-utility-l1-1-0.dll
0x000007fed96e0000 - 0x000007feda1f3000 	C:\Program Files\Java\jdk-11.0.13\bin\server\jvm.dll
0x000007fee5460000 - 0x000007fee5469000 	C:\Windows\system32\WSOCK32.dll
0x000007feff0b0000 - 0x000007feff0fd000 	C:\Windows\system32\WS2_32.dll
0x000007fefdc20000 - 0x000007fefdc28000 	C:\Windows\system32\NSI.dll
0x000007fefb1a0000 - 0x000007fefb1db000 	C:\Windows\system32\WINMM.dll
0x0000000077c00000 - 0x0000000077c07000 	C:\Windows\system32\PSAPI.DLL
0x000007fef2630000 - 0x000007fef2640000 	C:\Program Files\Java\jdk-11.0.13\bin\verify.dll
0x000007fef59e0000 - 0x000007fef5b05000 	C:\Windows\system32\DBGHELP.DLL
0x000007fef1320000 - 0x000007fef1348000 	C:\Program Files\Java\jdk-11.0.13\bin\java.dll
0x000007fef2360000 - 0x000007fef236a000 	C:\Program Files\Java\jdk-11.0.13\bin\jimage.dll
0x000007fef1300000 - 0x000007fef1316000 	C:\Program Files\Java\jdk-11.0.13\bin\zip.dll
0x000007fefe240000 - 0x000007fefefcb000 	C:\Windows\system32\SHELL32.dll
0x000007feff730000 - 0x000007feff92f000 	C:\Windows\system32\ole32.dll
0x000007fefd5b0000 - 0x000007fefd5bf000 	C:\Windows\system32\profapi.dll
0x000007fef12e0000 - 0x000007fef12f9000 	C:\Program Files\Java\jdk-11.0.13\bin\net.dll
0x000007fef96c0000 - 0x000007fef9731000 	C:\Windows\system32\WINHTTP.dll
0x000007fef9650000 - 0x000007fef96b5000 	C:\Windows\system32\webio.dll
0x000007fefcce0000 - 0x000007fefcd35000 	C:\Windows\system32\mswsock.dll
0x000007fefd040000 - 0x000007fefd047000 	C:\Windows\System32\wship6.dll
0x000007fef1000000 - 0x000007fef1012000 	C:\Program Files\Java\jdk-11.0.13\bin\nio.dll

dbghelp: loaded successfully - version: 4.0.5 - missing functions: none
symbol engine: initialized successfully - sym options: 0x614 - pdb path: .;C:\Program Files\Java\jdk-11.0.13\bin;C:\Windows\SYSTEM32;C:\Windows\WinSxS\amd64_microsoft.windows.common-controls_6595b64144ccf1df_6.0.7601.24483_none_e372d88f30fbb845;C:\Program Files\Java\jdk-11.0.13\bin\server

VM Arguments:
jvm_args: -Dclassworlds.conf=C:\Program Files\NetBeans-11.3\netbeans\java\maven\bin\m2.conf -Dmaven.home=C:\Program Files\NetBeans-11.3\netbeans\java\maven -Dmaven.multiModuleProjectDirectory=C:\Users\ANDRES\Desktop\sergio arboleda\Desarrollo web ciclo 4\Tienda 
java_command: org.codehaus.plexus.classworlds.launcher.Launcher -Dexec.args=-classpath %classpath Tienda.TiendaApplication -Dexec.executable=C:\Program Files\Java\jdk-11.0.13\bin\java.exe -Dexec.classpathScope=runtime -Dmaven.ext.class.path=C:\Program Files\NetBeans-11.3\netbeans\java\maven-nblib\netbeans-eventspy.jar -Dfile.encoding=UTF-8 process-classes org.codehaus.mojo:exec-maven-plugin:1.5.0:exec
java_class_path (initial): C:\Program Files\NetBeans-11.3\netbeans\java\maven\boot\plexus-classworlds-2.5.2.jar
Launcher Type: SUN_STANDARD

[Global flags]
     intx CICompilerCount                          = 2                                         {product} {ergonomic}
     uint ConcGCThreads                            = 1                                         {product} {ergonomic}
     uint G1ConcRefinementThreads                  = 2                                         {product} {ergonomic}
   size_t G1HeapRegionSize                         = 1048576                                   {product} {ergonomic}
    uintx GCDrainStackTargetSize                   = 64                                        {product} {ergonomic}
   size_t InitialHeapSize                          = 50331648                                  {product} {ergonomic}
   size_t MarkStackSize                            = 4194304                                   {product} {ergonomic}
   size_t MaxHeapSize                              = 788529152                                 {product} {ergonomic}
   size_t MaxNewSize                               = 472907776                                 {product} {ergonomic}
   size_t MinHeapDeltaBytes                        = 1048576                                   {product} {ergonomic}
    uintx NonNMethodCodeHeapSize                   = 5825164                                {pd product} {ergonomic}
    uintx NonProfiledCodeHeapSize                  = 122916538                              {pd product} {ergonomic}
    uintx ProfiledCodeHeapSize                     = 122916538                              {pd product} {ergonomic}
    uintx ReservedCodeCacheSize                    = 251658240                              {pd product} {ergonomic}
     bool SegmentedCodeCache                       = true                                      {product} {ergonomic}
     bool UseCompressedClassPointers               = true                                 {lp64_product} {ergonomic}
     bool UseCompressedOops                        = true                                 {lp64_product} {ergonomic}
     bool UseG1GC                                  = true                                      {product} {ergonomic}
     bool UseLargePagesIndividualAllocation        = false                                  {pd product} {ergonomic}

Logging:
Log output configuration:
 #0: stdout all=warning uptime,level,tags
 #1: stderr all=off uptime,level,tags

Environment Variables:
JAVA_HOME=C:\Program Files\Java\jdk-11.0.13
PATH=C:\Program Files\Common Files\Oracle\Java\javapath;C:\ProgramData\Oracle\Java\javapath;C:\Program Files (x86)\Common Files\Intel\Shared Files\cpp\bin\Intel64;C:\Program Files\WinRAR;C:\Program Files (x86)\Google\Chrome\Application;C:\Windows\system32;C:\Windows;C:\Windows\System32\Wbem;C:\Windows\System32\WindowsPowerShell\v1.0\;C:\adb;C:\Users\ANDRES\AppData\Local\Programs\Python\Python38;C:\Program Files\PuTTY\;C:\Program Files\Git\cmd;C:\Program Files\nodejs\;C:\Users\ANDRES\AppData\Local\Programs\Microsoft VS Code\bin;C:\Users\ANDRES\AppData\Local\GitHubDesktop\bin;C:\Users\ANDRES\AppData\Roaming\npm
USERNAME=ANDRES
OS=Windows_NT
PROCESSOR_IDENTIFIER=Intel64 Family 6 Model 23 Stepping 10, GenuineIntel



---------------  S Y S T E M  ---------------

OS: Windows 7 , 64 bit Build 7601 (6.1.7601.24545)

CPU:total 2 (initial active 2) (2 cores per cpu, 1 threads per core) family 6 model 23 stepping 10 microcode 0x0, cmov, cx8, fxsr, mmx, sse, sse2, sse3, ssse3, tsc

Memory: 4k page, system-wide physical 3002M (117M free)
TotalPageFile size 12009M (AvailPageFile size 6M)
current process WorkingSet (physical memory assigned to process): 175M, peak: 175M
current process commit charge ("private bytes"): 224M, peak: 225M

vm_info: Java HotSpot(TM) 64-Bit Server VM (11.0.13+10-LTS-370) for windows-amd64 JRE (11.0.13+10-LTS-370), built on Sep 15 2021 22:10:36 by "mach5one" with MS VC++ 15.9 (VS2017)

END.
